{"D:\\Project\\QLHS\\backend\\src\\app.js": {"path":"D:\\Project\\QLHS\\backend\\src\\app.js","statementMap":{"0":{"start":{"line":6,"column":0},"end":{"line":6,"column":44}}},"fnMap":{},"branchMap":{},"s":{"0":0},"f":{},"b":{}}
,"D:\\Project\\QLHS\\backend\\src\\controllers\\analyticsController.js": {"path":"D:\\Project\\QLHS\\backend\\src\\controllers\\analyticsController.js","statementMap":{"0":{"start":{"line":1,"column":25},"end":{"line":1,"column":64}},"1":{"start":{"line":2,"column":15},"end":{"line":2,"column":41}},"2":{"start":{"line":16,"column":0},"end":{"line":46,"column":2}},"3":{"start":{"line":17,"column":2},"end":{"line":45,"column":3}},"4":{"start":{"line":18,"column":27},"end":{"line":18,"column":51}},"5":{"start":{"line":19,"column":21},"end":{"line":19,"column":34}},"6":{"start":{"line":22,"column":4},"end":{"line":27,"column":5}},"7":{"start":{"line":23,"column":6},"end":{"line":26,"column":9}},"8":{"start":{"line":30,"column":22},"end":{"line":30,"column":85}},"9":{"start":{"line":32,"column":4},"end":{"line":35,"column":7}},"10":{"start":{"line":37,"column":4},"end":{"line":41,"column":7}},"11":{"start":{"line":43,"column":4},"end":{"line":43,"column":71}},"12":{"start":{"line":44,"column":4},"end":{"line":44,"column":21}},"13":{"start":{"line":55,"column":0},"end":{"line":93,"column":2}},"14":{"start":{"line":56,"column":2},"end":{"line":92,"column":3}},"15":{"start":{"line":57,"column":24},"end":{"line":57,"column":34}},"16":{"start":{"line":58,"column":19},"end":{"line":58,"column":30}},"17":{"start":{"line":59,"column":21},"end":{"line":59,"column":34}},"18":{"start":{"line":67,"column":21},"end":{"line":67,"column":83}},"19":{"start":{"line":71,"column":4},"end":{"line":74,"column":7}},"20":{"start":{"line":76,"column":4},"end":{"line":80,"column":7}},"21":{"start":{"line":82,"column":4},"end":{"line":82,"column":76}},"22":{"start":{"line":84,"column":4},"end":{"line":89,"column":5}},"23":{"start":{"line":85,"column":6},"end":{"line":88,"column":9}},"24":{"start":{"line":91,"column":4},"end":{"line":91,"column":21}},"25":{"start":{"line":102,"column":0},"end":{"line":170,"column":2}},"26":{"start":{"line":103,"column":2},"end":{"line":169,"column":3}},"27":{"start":{"line":104,"column":28},"end":{"line":104,"column":37}},"28":{"start":{"line":105,"column":27},"end":{"line":105,"column":51}},"29":{"start":{"line":106,"column":21},"end":{"line":106,"column":34}},"30":{"start":{"line":109,"column":4},"end":{"line":114,"column":5}},"31":{"start":{"line":110,"column":6},"end":{"line":113,"column":9}},"32":{"start":{"line":117,"column":4},"end":{"line":123,"column":5}},"33":{"start":{"line":118,"column":6},"end":{"line":122,"column":9}},"34":{"start":{"line":125,"column":20},"end":{"line":125,"column":38}},"35":{"start":{"line":126,"column":4},"end":{"line":132,"column":5}},"36":{"start":{"line":127,"column":6},"end":{"line":131,"column":9}},"37":{"start":{"line":135,"column":19},"end":{"line":135,"column":23}},"38":{"start":{"line":136,"column":4},"end":{"line":145,"column":5}},"39":{"start":{"line":137,"column":6},"end":{"line":137,"column":37}},"40":{"start":{"line":138,"column":6},"end":{"line":144,"column":7}},"41":{"start":{"line":139,"column":8},"end":{"line":143,"column":11}},"42":{"start":{"line":148,"column":19},"end":{"line":152,"column":5}},"43":{"start":{"line":154,"column":4},"end":{"line":159,"column":7}},"44":{"start":{"line":161,"column":4},"end":{"line":165,"column":7}},"45":{"start":{"line":167,"column":4},"end":{"line":167,"column":76}},"46":{"start":{"line":168,"column":4},"end":{"line":168,"column":21}},"47":{"start":{"line":179,"column":0},"end":{"line":269,"column":2}},"48":{"start":{"line":180,"column":2},"end":{"line":268,"column":3}},"49":{"start":{"line":181,"column":26},"end":{"line":181,"column":36}},"50":{"start":{"line":182,"column":19},"end":{"line":182,"column":30}},"51":{"start":{"line":183,"column":21},"end":{"line":183,"column":34}},"52":{"start":{"line":186,"column":4},"end":{"line":191,"column":5}},"53":{"start":{"line":187,"column":6},"end":{"line":190,"column":9}},"54":{"start":{"line":194,"column":27},"end":{"line":211,"column":5}},"55":{"start":{"line":213,"column":15},"end":{"line":213,"column":37}},"56":{"start":{"line":214,"column":19},"end":{"line":214,"column":37}},"57":{"start":{"line":215,"column":4},"end":{"line":256,"column":5}},"58":{"start":{"line":216,"column":21},"end":{"line":216,"column":82}},"59":{"start":{"line":218,"column":6},"end":{"line":223,"column":7}},"60":{"start":{"line":219,"column":8},"end":{"line":222,"column":11}},"61":{"start":{"line":225,"column":24},"end":{"line":225,"column":38}},"62":{"start":{"line":227,"column":6},"end":{"line":230,"column":9}},"63":{"start":{"line":232,"column":6},"end":{"line":253,"column":9}},"64":{"start":{"line":255,"column":6},"end":{"line":255,"column":23}},"65":{"start":{"line":258,"column":4},"end":{"line":258,"column":79}},"66":{"start":{"line":260,"column":4},"end":{"line":265,"column":5}},"67":{"start":{"line":261,"column":6},"end":{"line":264,"column":9}},"68":{"start":{"line":267,"column":4},"end":{"line":267,"column":21}}},"fnMap":{"0":{"name":"(anonymous_0)","decl":{"start":{"line":16,"column":23},"end":{"line":16,"column":24}},"loc":{"start":{"line":16,"column":49},"end":{"line":46,"column":1}},"line":16},"1":{"name":"(anonymous_1)","decl":{"start":{"line":55,"column":27},"end":{"line":55,"column":28}},"loc":{"start":{"line":55,"column":53},"end":{"line":93,"column":1}},"line":55},"2":{"name":"(anonymous_2)","decl":{"start":{"line":102,"column":27},"end":{"line":102,"column":28}},"loc":{"start":{"line":102,"column":53},"end":{"line":170,"column":1}},"line":102},"3":{"name":"(anonymous_3)","decl":{"start":{"line":179,"column":30},"end":{"line":179,"column":31}},"loc":{"start":{"line":179,"column":56},"end":{"line":269,"column":1}},"line":179}},"branchMap":{"0":{"loc":{"start":{"line":22,"column":4},"end":{"line":27,"column":5}},"type":"if","locations":[{"start":{"line":22,"column":4},"end":{"line":27,"column":5}},{"start":{},"end":{}}],"line":22},"1":{"loc":{"start":{"line":22,"column":8},"end":{"line":22,"column":55}},"type":"binary-expr","locations":[{"start":{"line":22,"column":8},"end":{"line":22,"column":30}},{"start":{"line":22,"column":34},"end":{"line":22,"column":55}}],"line":22},"2":{"loc":{"start":{"line":84,"column":4},"end":{"line":89,"column":5}},"type":"if","locations":[{"start":{"line":84,"column":4},"end":{"line":89,"column":5}},{"start":{},"end":{}}],"line":84},"3":{"loc":{"start":{"line":109,"column":4},"end":{"line":114,"column":5}},"type":"if","locations":[{"start":{"line":109,"column":4},"end":{"line":114,"column":5}},{"start":{},"end":{}}],"line":109},"4":{"loc":{"start":{"line":109,"column":8},"end":{"line":109,"column":55}},"type":"binary-expr","locations":[{"start":{"line":109,"column":8},"end":{"line":109,"column":30}},{"start":{"line":109,"column":34},"end":{"line":109,"column":55}}],"line":109},"5":{"loc":{"start":{"line":117,"column":4},"end":{"line":123,"column":5}},"type":"if","locations":[{"start":{"line":117,"column":4},"end":{"line":123,"column":5}},{"start":{},"end":{}}],"line":117},"6":{"loc":{"start":{"line":126,"column":4},"end":{"line":132,"column":5}},"type":"if","locations":[{"start":{"line":126,"column":4},"end":{"line":132,"column":5}},{"start":{},"end":{}}],"line":126},"7":{"loc":{"start":{"line":126,"column":8},"end":{"line":126,"column":58}},"type":"binary-expr","locations":[{"start":{"line":126,"column":8},"end":{"line":126,"column":22}},{"start":{"line":126,"column":26},"end":{"line":126,"column":40}},{"start":{"line":126,"column":44},"end":{"line":126,"column":58}}],"line":126},"8":{"loc":{"start":{"line":136,"column":4},"end":{"line":145,"column":5}},"type":"if","locations":[{"start":{"line":136,"column":4},"end":{"line":145,"column":5}},{"start":{},"end":{}}],"line":136},"9":{"loc":{"start":{"line":138,"column":6},"end":{"line":144,"column":7}},"type":"if","locations":[{"start":{"line":138,"column":6},"end":{"line":144,"column":7}},{"start":{},"end":{}}],"line":138},"10":{"loc":{"start":{"line":138,"column":10},"end":{"line":138,"column":58}},"type":"binary-expr","locations":[{"start":{"line":138,"column":10},"end":{"line":138,"column":25}},{"start":{"line":138,"column":29},"end":{"line":138,"column":41}},{"start":{"line":138,"column":45},"end":{"line":138,"column":58}}],"line":138},"11":{"loc":{"start":{"line":186,"column":4},"end":{"line":191,"column":5}},"type":"if","locations":[{"start":{"line":186,"column":4},"end":{"line":191,"column":5}},{"start":{},"end":{}}],"line":186},"12":{"loc":{"start":{"line":186,"column":8},"end":{"line":186,"column":68}},"type":"binary-expr","locations":[{"start":{"line":186,"column":8},"end":{"line":186,"column":30}},{"start":{"line":186,"column":34},"end":{"line":186,"column":68}}],"line":186},"13":{"loc":{"start":{"line":218,"column":6},"end":{"line":223,"column":7}},"type":"if","locations":[{"start":{"line":218,"column":6},"end":{"line":223,"column":7}},{"start":{},"end":{}}],"line":218},"14":{"loc":{"start":{"line":241,"column":33},"end":{"line":241,"column":69}},"type":"binary-expr","locations":[{"start":{"line":241,"column":33},"end":{"line":241,"column":64}},{"start":{"line":241,"column":68},"end":{"line":241,"column":69}}],"line":241},"15":{"loc":{"start":{"line":245,"column":12},"end":{"line":251,"column":17}},"type":"cond-expr","locations":[{"start":{"line":246,"column":16},"end":{"line":250,"column":17}},{"start":{"line":251,"column":16},"end":{"line":251,"column":17}}],"line":245},"16":{"loc":{"start":{"line":260,"column":4},"end":{"line":265,"column":5}},"type":"if","locations":[{"start":{"line":260,"column":4},"end":{"line":265,"column":5}},{"start":{},"end":{}}],"line":260}},"s":{"0":0,"1":0,"2":0,"3":0,"4":0,"5":0,"6":0,"7":0,"8":0,"9":0,"10":0,"11":0,"12":0,"13":0,"14":0,"15":0,"16":0,"17":0,"18":0,"19":0,"20":0,"21":0,"22":0,"23":0,"24":0,"25":0,"26":0,"27":0,"28":0,"29":0,"30":0,"31":0,"32":0,"33":0,"34":0,"35":0,"36":0,"37":0,"38":0,"39":0,"40":0,"41":0,"42":0,"43":0,"44":0,"45":0,"46":0,"47":0,"48":0,"49":0,"50":0,"51":0,"52":0,"53":0,"54":0,"55":0,"56":0,"57":0,"58":0,"59":0,"60":0,"61":0,"62":0,"63":0,"64":0,"65":0,"66":0,"67":0,"68":0},"f":{"0":0,"1":0,"2":0,"3":0},"b":{"0":[0,0],"1":[0,0],"2":[0,0],"3":[0,0],"4":[0,0],"5":[0,0],"6":[0,0],"7":[0,0,0],"8":[0,0],"9":[0,0],"10":[0,0,0],"11":[0,0],"12":[0,0],"13":[0,0],"14":[0,0],"15":[0,0],"16":[0,0]}}
,"D:\\Project\\QLHS\\backend\\src\\controllers\\authController.js": {"path":"D:\\Project\\QLHS\\backend\\src\\controllers\\authController.js","statementMap":{"0":{"start":{"line":1,"column":13},"end":{"line":1,"column":42}},"1":{"start":{"line":2,"column":20},"end":{"line":2,"column":54}},"2":{"start":{"line":3,"column":15},"end":{"line":3,"column":41}},"3":{"start":{"line":13,"column":0},"end":{"line":101,"column":2}},"4":{"start":{"line":14,"column":2},"end":{"line":100,"column":3}},"5":{"start":{"line":15,"column":32},"end":{"line":15,"column":40}},"6":{"start":{"line":18,"column":23},"end":{"line":23,"column":5}},"7":{"start":{"line":25,"column":4},"end":{"line":32,"column":5}},"8":{"start":{"line":26,"column":6},"end":{"line":26,"column":69}},"9":{"start":{"line":27,"column":6},"end":{"line":31,"column":9}},"10":{"start":{"line":34,"column":17},"end":{"line":34,"column":35}},"11":{"start":{"line":37,"column":4},"end":{"line":44,"column":5}},"12":{"start":{"line":38,"column":6},"end":{"line":38,"column":70}},"13":{"start":{"line":39,"column":6},"end":{"line":43,"column":9}},"14":{"start":{"line":47,"column":26},"end":{"line":50,"column":5}},"15":{"start":{"line":52,"column":4},"end":{"line":59,"column":5}},"16":{"start":{"line":53,"column":6},"end":{"line":53,"column":72}},"17":{"start":{"line":54,"column":6},"end":{"line":58,"column":9}},"18":{"start":{"line":62,"column":19},"end":{"line":67,"column":6}},"19":{"start":{"line":70,"column":4},"end":{"line":74,"column":6}},"20":{"start":{"line":76,"column":4},"end":{"line":76,"column":62}},"21":{"start":{"line":79,"column":4},"end":{"line":96,"column":7}},"22":{"start":{"line":98,"column":4},"end":{"line":98,"column":40}},"23":{"start":{"line":99,"column":4},"end":{"line":99,"column":16}},"24":{"start":{"line":107,"column":0},"end":{"line":185,"column":2}},"25":{"start":{"line":108,"column":2},"end":{"line":184,"column":3}},"26":{"start":{"line":109,"column":30},"end":{"line":109,"column":38}},"27":{"start":{"line":111,"column":4},"end":{"line":117,"column":5}},"28":{"start":{"line":112,"column":6},"end":{"line":116,"column":9}},"29":{"start":{"line":121,"column":4},"end":{"line":133,"column":5}},"30":{"start":{"line":122,"column":6},"end":{"line":125,"column":8}},"31":{"start":{"line":127,"column":6},"end":{"line":127,"column":43}},"32":{"start":{"line":128,"column":6},"end":{"line":132,"column":9}},"33":{"start":{"line":136,"column":23},"end":{"line":141,"column":5}},"34":{"start":{"line":143,"column":4},"end":{"line":149,"column":5}},"35":{"start":{"line":144,"column":6},"end":{"line":148,"column":9}},"36":{"start":{"line":151,"column":17},"end":{"line":151,"column":35}},"37":{"start":{"line":154,"column":19},"end":{"line":159,"column":6}},"38":{"start":{"line":162,"column":4},"end":{"line":166,"column":6}},"39":{"start":{"line":168,"column":4},"end":{"line":168,"column":57}},"40":{"start":{"line":170,"column":4},"end":{"line":180,"column":7}},"41":{"start":{"line":182,"column":4},"end":{"line":182,"column":48}},"42":{"start":{"line":183,"column":4},"end":{"line":183,"column":16}},"43":{"start":{"line":191,"column":0},"end":{"line":215,"column":2}},"44":{"start":{"line":192,"column":2},"end":{"line":214,"column":3}},"45":{"start":{"line":193,"column":19},"end":{"line":193,"column":32}},"46":{"start":{"line":195,"column":4},"end":{"line":204,"column":5}},"47":{"start":{"line":197,"column":6},"end":{"line":201,"column":8}},"48":{"start":{"line":203,"column":6},"end":{"line":203,"column":48}},"49":{"start":{"line":206,"column":4},"end":{"line":210,"column":7}},"50":{"start":{"line":212,"column":4},"end":{"line":212,"column":41}},"51":{"start":{"line":213,"column":4},"end":{"line":213,"column":16}}},"fnMap":{"0":{"name":"(anonymous_0)","decl":{"start":{"line":13,"column":16},"end":{"line":13,"column":17}},"loc":{"start":{"line":13,"column":42},"end":{"line":101,"column":1}},"line":13},"1":{"name":"(anonymous_1)","decl":{"start":{"line":107,"column":18},"end":{"line":107,"column":19}},"loc":{"start":{"line":107,"column":44},"end":{"line":185,"column":1}},"line":107},"2":{"name":"(anonymous_2)","decl":{"start":{"line":191,"column":17},"end":{"line":191,"column":18}},"loc":{"start":{"line":191,"column":43},"end":{"line":215,"column":1}},"line":191}},"branchMap":{"0":{"loc":{"start":{"line":25,"column":4},"end":{"line":32,"column":5}},"type":"if","locations":[{"start":{"line":25,"column":4},"end":{"line":32,"column":5}},{"start":{},"end":{}}],"line":25},"1":{"loc":{"start":{"line":37,"column":4},"end":{"line":44,"column":5}},"type":"if","locations":[{"start":{"line":37,"column":4},"end":{"line":44,"column":5}},{"start":{},"end":{}}],"line":37},"2":{"loc":{"start":{"line":52,"column":4},"end":{"line":59,"column":5}},"type":"if","locations":[{"start":{"line":52,"column":4},"end":{"line":59,"column":5}},{"start":{},"end":{}}],"line":52},"3":{"loc":{"start":{"line":111,"column":4},"end":{"line":117,"column":5}},"type":"if","locations":[{"start":{"line":111,"column":4},"end":{"line":117,"column":5}},{"start":{},"end":{}}],"line":111},"4":{"loc":{"start":{"line":143,"column":4},"end":{"line":149,"column":5}},"type":"if","locations":[{"start":{"line":143,"column":4},"end":{"line":149,"column":5}},{"start":{},"end":{}}],"line":143},"5":{"loc":{"start":{"line":143,"column":8},"end":{"line":143,"column":69}},"type":"binary-expr","locations":[{"start":{"line":143,"column":8},"end":{"line":143,"column":36}},{"start":{"line":143,"column":40},"end":{"line":143,"column":69}}],"line":143},"6":{"loc":{"start":{"line":195,"column":4},"end":{"line":204,"column":5}},"type":"if","locations":[{"start":{"line":195,"column":4},"end":{"line":204,"column":5}},{"start":{},"end":{}}],"line":195}},"s":{"0":0,"1":0,"2":0,"3":0,"4":0,"5":0,"6":0,"7":0,"8":0,"9":0,"10":0,"11":0,"12":0,"13":0,"14":0,"15":0,"16":0,"17":0,"18":0,"19":0,"20":0,"21":0,"22":0,"23":0,"24":0,"25":0,"26":0,"27":0,"28":0,"29":0,"30":0,"31":0,"32":0,"33":0,"34":0,"35":0,"36":0,"37":0,"38":0,"39":0,"40":0,"41":0,"42":0,"43":0,"44":0,"45":0,"46":0,"47":0,"48":0,"49":0,"50":0,"51":0},"f":{"0":0,"1":0,"2":0},"b":{"0":[0,0],"1":[0,0],"2":[0,0],"3":[0,0],"4":[0,0],"5":[0,0],"6":[0,0]}}
,"D:\\Project\\QLHS\\backend\\src\\controllers\\childrenController.js": {"path":"D:\\Project\\QLHS\\backend\\src\\controllers\\childrenController.js","statementMap":{"0":{"start":{"line":1,"column":24},"end":{"line":1,"column":62}},"1":{"start":{"line":2,"column":15},"end":{"line":2,"column":41}},"2":{"start":{"line":13,"column":0},"end":{"line":63,"column":2}},"3":{"start":{"line":14,"column":2},"end":{"line":62,"column":3}},"4":{"start":{"line":22,"column":8},"end":{"line":22,"column":17}},"5":{"start":{"line":25,"column":23},"end":{"line":25,"column":59}},"6":{"start":{"line":26,"column":24},"end":{"line":26,"column":58}},"7":{"start":{"line":29,"column":18},"end":{"line":29,"column":65}},"8":{"start":{"line":31,"column":4},"end":{"line":37,"column":5}},"9":{"start":{"line":33,"column":6},"end":{"line":33,"column":39}},"10":{"start":{"line":34,"column":11},"end":{"line":37,"column":5}},"11":{"start":{"line":36,"column":6},"end":{"line":36,"column":57}},"12":{"start":{"line":39,"column":32},"end":{"line":42,"column":5}},"13":{"start":{"line":44,"column":4},"end":{"line":44,"column":72}},"14":{"start":{"line":46,"column":4},"end":{"line":58,"column":7}},"15":{"start":{"line":60,"column":4},"end":{"line":60,"column":51}},"16":{"start":{"line":61,"column":4},"end":{"line":61,"column":23}},"17":{"start":{"line":69,"column":0},"end":{"line":108,"column":2}},"18":{"start":{"line":70,"column":2},"end":{"line":107,"column":3}},"19":{"start":{"line":71,"column":19},"end":{"line":71,"column":29}},"20":{"start":{"line":73,"column":18},"end":{"line":73,"column":56}},"21":{"start":{"line":75,"column":4},"end":{"line":81,"column":5}},"22":{"start":{"line":76,"column":6},"end":{"line":80,"column":9}},"23":{"start":{"line":84,"column":4},"end":{"line":94,"column":5}},"24":{"start":{"line":89,"column":6},"end":{"line":93,"column":9}},"25":{"start":{"line":96,"column":4},"end":{"line":96,"column":42}},"26":{"start":{"line":98,"column":4},"end":{"line":103,"column":7}},"27":{"start":{"line":105,"column":4},"end":{"line":105,"column":48}},"28":{"start":{"line":106,"column":4},"end":{"line":106,"column":23}},"29":{"start":{"line":114,"column":0},"end":{"line":153,"column":2}},"30":{"start":{"line":115,"column":2},"end":{"line":152,"column":3}},"31":{"start":{"line":116,"column":22},"end":{"line":116,"column":30}},"32":{"start":{"line":119,"column":4},"end":{"line":127,"column":5}},"33":{"start":{"line":120,"column":6},"end":{"line":126,"column":7}},"34":{"start":{"line":121,"column":8},"end":{"line":125,"column":11}},"35":{"start":{"line":129,"column":21},"end":{"line":129,"column":65}},"36":{"start":{"line":131,"column":4},"end":{"line":131,"column":67}},"37":{"start":{"line":133,"column":4},"end":{"line":138,"column":7}},"38":{"start":{"line":140,"column":4},"end":{"line":140,"column":49}},"39":{"start":{"line":143,"column":4},"end":{"line":149,"column":5}},"40":{"start":{"line":144,"column":6},"end":{"line":148,"column":9}},"41":{"start":{"line":151,"column":4},"end":{"line":151,"column":23}},"42":{"start":{"line":159,"column":0},"end":{"line":229,"column":2}},"43":{"start":{"line":160,"column":2},"end":{"line":228,"column":3}},"44":{"start":{"line":161,"column":19},"end":{"line":161,"column":29}},"45":{"start":{"line":162,"column":23},"end":{"line":162,"column":31}},"46":{"start":{"line":165,"column":25},"end":{"line":165,"column":63}},"47":{"start":{"line":167,"column":4},"end":{"line":173,"column":5}},"48":{"start":{"line":168,"column":6},"end":{"line":172,"column":9}},"49":{"start":{"line":176,"column":4},"end":{"line":185,"column":5}},"50":{"start":{"line":180,"column":6},"end":{"line":184,"column":9}},"51":{"start":{"line":187,"column":4},"end":{"line":195,"column":5}},"52":{"start":{"line":188,"column":6},"end":{"line":194,"column":7}},"53":{"start":{"line":189,"column":8},"end":{"line":193,"column":11}},"54":{"start":{"line":197,"column":25},"end":{"line":197,"column":74}},"55":{"start":{"line":199,"column":4},"end":{"line":199,"column":40}},"56":{"start":{"line":201,"column":4},"end":{"line":206,"column":7}},"57":{"start":{"line":208,"column":4},"end":{"line":208,"column":49}},"58":{"start":{"line":211,"column":4},"end":{"line":217,"column":5}},"59":{"start":{"line":212,"column":6},"end":{"line":216,"column":9}},"60":{"start":{"line":219,"column":4},"end":{"line":225,"column":5}},"61":{"start":{"line":220,"column":6},"end":{"line":224,"column":9}},"62":{"start":{"line":227,"column":4},"end":{"line":227,"column":23}},"63":{"start":{"line":235,"column":0},"end":{"line":283,"column":2}},"64":{"start":{"line":236,"column":2},"end":{"line":282,"column":3}},"65":{"start":{"line":237,"column":19},"end":{"line":237,"column":29}},"66":{"start":{"line":240,"column":25},"end":{"line":240,"column":63}},"67":{"start":{"line":242,"column":4},"end":{"line":248,"column":5}},"68":{"start":{"line":243,"column":6},"end":{"line":247,"column":9}},"69":{"start":{"line":251,"column":4},"end":{"line":259,"column":5}},"70":{"start":{"line":252,"column":6},"end":{"line":258,"column":7}},"71":{"start":{"line":253,"column":8},"end":{"line":257,"column":11}},"72":{"start":{"line":261,"column":4},"end":{"line":261,"column":42}},"73":{"start":{"line":263,"column":4},"end":{"line":263,"column":58}},"74":{"start":{"line":265,"column":4},"end":{"line":269,"column":7}},"75":{"start":{"line":271,"column":4},"end":{"line":271,"column":49}},"76":{"start":{"line":273,"column":4},"end":{"line":279,"column":5}},"77":{"start":{"line":274,"column":6},"end":{"line":278,"column":9}},"78":{"start":{"line":281,"column":4},"end":{"line":281,"column":23}},"79":{"start":{"line":289,"column":0},"end":{"line":346,"column":2}},"80":{"start":{"line":290,"column":2},"end":{"line":345,"column":3}},"81":{"start":{"line":291,"column":19},"end":{"line":291,"column":29}},"82":{"start":{"line":294,"column":25},"end":{"line":294,"column":63}},"83":{"start":{"line":296,"column":4},"end":{"line":302,"column":5}},"84":{"start":{"line":297,"column":6},"end":{"line":301,"column":9}},"85":{"start":{"line":305,"column":4},"end":{"line":314,"column":5}},"86":{"start":{"line":309,"column":6},"end":{"line":313,"column":9}},"87":{"start":{"line":318,"column":21},"end":{"line":334,"column":5}},"88":{"start":{"line":336,"column":4},"end":{"line":341,"column":7}},"89":{"start":{"line":343,"column":4},"end":{"line":343,"column":57}},"90":{"start":{"line":344,"column":4},"end":{"line":344,"column":23}}},"fnMap":{"0":{"name":"(anonymous_0)","decl":{"start":{"line":13,"column":15},"end":{"line":13,"column":16}},"loc":{"start":{"line":13,"column":41},"end":{"line":63,"column":1}},"line":13},"1":{"name":"(anonymous_1)","decl":{"start":{"line":69,"column":18},"end":{"line":69,"column":19}},"loc":{"start":{"line":69,"column":44},"end":{"line":108,"column":1}},"line":69},"2":{"name":"(anonymous_2)","decl":{"start":{"line":114,"column":17},"end":{"line":114,"column":18}},"loc":{"start":{"line":114,"column":43},"end":{"line":153,"column":1}},"line":114},"3":{"name":"(anonymous_3)","decl":{"start":{"line":159,"column":17},"end":{"line":159,"column":18}},"loc":{"start":{"line":159,"column":43},"end":{"line":229,"column":1}},"line":159},"4":{"name":"(anonymous_4)","decl":{"start":{"line":235,"column":17},"end":{"line":235,"column":18}},"loc":{"start":{"line":235,"column":43},"end":{"line":283,"column":1}},"line":235},"5":{"name":"(anonymous_5)","decl":{"start":{"line":289,"column":22},"end":{"line":289,"column":23}},"loc":{"start":{"line":289,"column":48},"end":{"line":346,"column":1}},"line":289}},"branchMap":{"0":{"loc":{"start":{"line":16,"column":6},"end":{"line":16,"column":16}},"type":"default-arg","locations":[{"start":{"line":16,"column":14},"end":{"line":16,"column":16}}],"line":16},"1":{"loc":{"start":{"line":17,"column":6},"end":{"line":17,"column":16}},"type":"default-arg","locations":[{"start":{"line":17,"column":15},"end":{"line":17,"column":16}}],"line":17},"2":{"loc":{"start":{"line":18,"column":6},"end":{"line":18,"column":17}},"type":"default-arg","locations":[{"start":{"line":18,"column":15},"end":{"line":18,"column":17}}],"line":18},"3":{"loc":{"start":{"line":19,"column":6},"end":{"line":19,"column":21}},"type":"default-arg","locations":[{"start":{"line":19,"column":19},"end":{"line":19,"column":21}}],"line":19},"4":{"loc":{"start":{"line":20,"column":6},"end":{"line":20,"column":26}},"type":"default-arg","locations":[{"start":{"line":20,"column":24},"end":{"line":20,"column":26}}],"line":20},"5":{"loc":{"start":{"line":21,"column":6},"end":{"line":21,"column":17}},"type":"default-arg","locations":[{"start":{"line":21,"column":15},"end":{"line":21,"column":17}}],"line":21},"6":{"loc":{"start":{"line":25,"column":32},"end":{"line":25,"column":53}},"type":"binary-expr","locations":[{"start":{"line":25,"column":32},"end":{"line":25,"column":47}},{"start":{"line":25,"column":51},"end":{"line":25,"column":53}}],"line":25},"7":{"loc":{"start":{"line":26,"column":33},"end":{"line":26,"column":54}},"type":"binary-expr","locations":[{"start":{"line":26,"column":33},"end":{"line":26,"column":49}},{"start":{"line":26,"column":53},"end":{"line":26,"column":54}}],"line":26},"8":{"loc":{"start":{"line":31,"column":4},"end":{"line":37,"column":5}},"type":"if","locations":[{"start":{"line":31,"column":4},"end":{"line":37,"column":5}},{"start":{"line":34,"column":11},"end":{"line":37,"column":5}}],"line":31},"9":{"loc":{"start":{"line":34,"column":11},"end":{"line":37,"column":5}},"type":"if","locations":[{"start":{"line":34,"column":11},"end":{"line":37,"column":5}},{"start":{},"end":{}}],"line":34},"10":{"loc":{"start":{"line":75,"column":4},"end":{"line":81,"column":5}},"type":"if","locations":[{"start":{"line":75,"column":4},"end":{"line":81,"column":5}},{"start":{},"end":{}}],"line":75},"11":{"loc":{"start":{"line":84,"column":4},"end":{"line":94,"column":5}},"type":"if","locations":[{"start":{"line":84,"column":4},"end":{"line":94,"column":5}},{"start":{},"end":{}}],"line":84},"12":{"loc":{"start":{"line":85,"column":6},"end":{"line":87,"column":47}},"type":"binary-expr","locations":[{"start":{"line":85,"column":6},"end":{"line":85,"column":31}},{"start":{"line":86,"column":6},"end":{"line":86,"column":35}},{"start":{"line":87,"column":6},"end":{"line":87,"column":47}}],"line":85},"13":{"loc":{"start":{"line":119,"column":4},"end":{"line":127,"column":5}},"type":"if","locations":[{"start":{"line":119,"column":4},"end":{"line":127,"column":5}},{"start":{},"end":{}}],"line":119},"14":{"loc":{"start":{"line":120,"column":6},"end":{"line":126,"column":7}},"type":"if","locations":[{"start":{"line":120,"column":6},"end":{"line":126,"column":7}},{"start":{},"end":{}}],"line":120},"15":{"loc":{"start":{"line":143,"column":4},"end":{"line":149,"column":5}},"type":"if","locations":[{"start":{"line":143,"column":4},"end":{"line":149,"column":5}},{"start":{},"end":{}}],"line":143},"16":{"loc":{"start":{"line":167,"column":4},"end":{"line":173,"column":5}},"type":"if","locations":[{"start":{"line":167,"column":4},"end":{"line":173,"column":5}},{"start":{},"end":{}}],"line":167},"17":{"loc":{"start":{"line":176,"column":4},"end":{"line":185,"column":5}},"type":"if","locations":[{"start":{"line":176,"column":4},"end":{"line":185,"column":5}},{"start":{},"end":{}}],"line":176},"18":{"loc":{"start":{"line":177,"column":6},"end":{"line":178,"column":54}},"type":"binary-expr","locations":[{"start":{"line":177,"column":6},"end":{"line":177,"column":33}},{"start":{"line":178,"column":6},"end":{"line":178,"column":54}}],"line":177},"19":{"loc":{"start":{"line":187,"column":4},"end":{"line":195,"column":5}},"type":"if","locations":[{"start":{"line":187,"column":4},"end":{"line":195,"column":5}},{"start":{},"end":{}}],"line":187},"20":{"loc":{"start":{"line":188,"column":6},"end":{"line":194,"column":7}},"type":"if","locations":[{"start":{"line":188,"column":6},"end":{"line":194,"column":7}},{"start":{},"end":{}}],"line":188},"21":{"loc":{"start":{"line":211,"column":4},"end":{"line":217,"column":5}},"type":"if","locations":[{"start":{"line":211,"column":4},"end":{"line":217,"column":5}},{"start":{},"end":{}}],"line":211},"22":{"loc":{"start":{"line":219,"column":4},"end":{"line":225,"column":5}},"type":"if","locations":[{"start":{"line":219,"column":4},"end":{"line":225,"column":5}},{"start":{},"end":{}}],"line":219},"23":{"loc":{"start":{"line":242,"column":4},"end":{"line":248,"column":5}},"type":"if","locations":[{"start":{"line":242,"column":4},"end":{"line":248,"column":5}},{"start":{},"end":{}}],"line":242},"24":{"loc":{"start":{"line":251,"column":4},"end":{"line":259,"column":5}},"type":"if","locations":[{"start":{"line":251,"column":4},"end":{"line":259,"column":5}},{"start":{},"end":{}}],"line":251},"25":{"loc":{"start":{"line":252,"column":6},"end":{"line":258,"column":7}},"type":"if","locations":[{"start":{"line":252,"column":6},"end":{"line":258,"column":7}},{"start":{},"end":{}}],"line":252},"26":{"loc":{"start":{"line":273,"column":4},"end":{"line":279,"column":5}},"type":"if","locations":[{"start":{"line":273,"column":4},"end":{"line":279,"column":5}},{"start":{},"end":{}}],"line":273},"27":{"loc":{"start":{"line":296,"column":4},"end":{"line":302,"column":5}},"type":"if","locations":[{"start":{"line":296,"column":4},"end":{"line":302,"column":5}},{"start":{},"end":{}}],"line":296},"28":{"loc":{"start":{"line":305,"column":4},"end":{"line":314,"column":5}},"type":"if","locations":[{"start":{"line":305,"column":4},"end":{"line":314,"column":5}},{"start":{},"end":{}}],"line":305},"29":{"loc":{"start":{"line":306,"column":6},"end":{"line":307,"column":54}},"type":"binary-expr","locations":[{"start":{"line":306,"column":6},"end":{"line":306,"column":33}},{"start":{"line":307,"column":6},"end":{"line":307,"column":54}}],"line":306}},"s":{"0":0,"1":0,"2":0,"3":0,"4":0,"5":0,"6":0,"7":0,"8":0,"9":0,"10":0,"11":0,"12":0,"13":0,"14":0,"15":0,"16":0,"17":0,"18":0,"19":0,"20":0,"21":0,"22":0,"23":0,"24":0,"25":0,"26":0,"27":0,"28":0,"29":0,"30":0,"31":0,"32":0,"33":0,"34":0,"35":0,"36":0,"37":0,"38":0,"39":0,"40":0,"41":0,"42":0,"43":0,"44":0,"45":0,"46":0,"47":0,"48":0,"49":0,"50":0,"51":0,"52":0,"53":0,"54":0,"55":0,"56":0,"57":0,"58":0,"59":0,"60":0,"61":0,"62":0,"63":0,"64":0,"65":0,"66":0,"67":0,"68":0,"69":0,"70":0,"71":0,"72":0,"73":0,"74":0,"75":0,"76":0,"77":0,"78":0,"79":0,"80":0,"81":0,"82":0,"83":0,"84":0,"85":0,"86":0,"87":0,"88":0,"89":0,"90":0},"f":{"0":0,"1":0,"2":0,"3":0,"4":0,"5":0},"b":{"0":[0],"1":[0],"2":[0],"3":[0],"4":[0],"5":[0],"6":[0,0],"7":[0,0],"8":[0,0],"9":[0,0],"10":[0,0],"11":[0,0],"12":[0,0,0],"13":[0,0],"14":[0,0],"15":[0,0],"16":[0,0],"17":[0,0],"18":[0,0],"19":[0,0],"20":[0,0],"21":[0,0],"22":[0,0],"23":[0,0],"24":[0,0],"25":[0,0],"26":[0,0],"27":[0,0],"28":[0,0],"29":[0,0]}}
,"D:\\Project\\QLHS\\backend\\src\\controllers\\evaluationsController.js": {"path":"D:\\Project\\QLHS\\backend\\src\\controllers\\evaluationsController.js","statementMap":{"0":{"start":{"line":1,"column":27},"end":{"line":1,"column":68}},"1":{"start":{"line":2,"column":21},"end":{"line":2,"column":56}},"2":{"start":{"line":3,"column":19},"end":{"line":3,"column":49}},"3":{"start":{"line":4,"column":15},"end":{"line":4,"column":41}},"4":{"start":{"line":18,"column":0},"end":{"line":104,"column":2}},"5":{"start":{"line":19,"column":2},"end":{"line":103,"column":3}},"6":{"start":{"line":20,"column":23},"end":{"line":20,"column":33}},"7":{"start":{"line":21,"column":71},"end":{"line":21,"column":79}},"8":{"start":{"line":22,"column":19},"end":{"line":22,"column":30}},"9":{"start":{"line":23,"column":21},"end":{"line":23,"column":34}},"10":{"start":{"line":26,"column":19},"end":{"line":26,"column":49}},"11":{"start":{"line":27,"column":29},"end":{"line":32,"column":6}},"12":{"start":{"line":34,"column":4},"end":{"line":40,"column":5}},"13":{"start":{"line":35,"column":6},"end":{"line":39,"column":9}},"14":{"start":{"line":43,"column":4},"end":{"line":58,"column":5}},"15":{"start":{"line":44,"column":19},"end":{"line":44,"column":75}},"16":{"start":{"line":45,"column":6},"end":{"line":50,"column":7}},"17":{"start":{"line":46,"column":8},"end":{"line":49,"column":11}},"18":{"start":{"line":52,"column":6},"end":{"line":57,"column":7}},"19":{"start":{"line":53,"column":8},"end":{"line":56,"column":11}},"20":{"start":{"line":61,"column":21},"end":{"line":61,"column":78}},"21":{"start":{"line":64,"column":23},"end":{"line":72,"column":5}},"22":{"start":{"line":74,"column":4},"end":{"line":78,"column":7}},"23":{"start":{"line":80,"column":4},"end":{"line":84,"column":7}},"24":{"start":{"line":86,"column":4},"end":{"line":86,"column":70}},"25":{"start":{"line":88,"column":4},"end":{"line":93,"column":5}},"26":{"start":{"line":89,"column":6},"end":{"line":92,"column":9}},"27":{"start":{"line":95,"column":4},"end":{"line":100,"column":5}},"28":{"start":{"line":96,"column":6},"end":{"line":99,"column":9}},"29":{"start":{"line":102,"column":4},"end":{"line":102,"column":21}},"30":{"start":{"line":113,"column":0},"end":{"line":207,"column":2}},"31":{"start":{"line":114,"column":2},"end":{"line":206,"column":3}},"32":{"start":{"line":115,"column":32},"end":{"line":115,"column":42}},"33":{"start":{"line":116,"column":44},"end":{"line":116,"column":52}},"34":{"start":{"line":117,"column":19},"end":{"line":117,"column":30}},"35":{"start":{"line":118,"column":21},"end":{"line":118,"column":34}},"36":{"start":{"line":121,"column":4},"end":{"line":130,"column":5}},"37":{"start":{"line":122,"column":28},"end":{"line":122,"column":78}},"38":{"start":{"line":123,"column":6},"end":{"line":129,"column":7}},"39":{"start":{"line":124,"column":8},"end":{"line":128,"column":11}},"40":{"start":{"line":133,"column":4},"end":{"line":139,"column":5}},"41":{"start":{"line":134,"column":6},"end":{"line":138,"column":9}},"42":{"start":{"line":141,"column":4},"end":{"line":147,"column":5}},"43":{"start":{"line":142,"column":6},"end":{"line":146,"column":9}},"44":{"start":{"line":150,"column":4},"end":{"line":164,"column":5}},"45":{"start":{"line":151,"column":19},"end":{"line":151,"column":75}},"46":{"start":{"line":152,"column":6},"end":{"line":157,"column":7}},"47":{"start":{"line":153,"column":8},"end":{"line":156,"column":11}},"48":{"start":{"line":158,"column":6},"end":{"line":163,"column":7}},"49":{"start":{"line":159,"column":8},"end":{"line":162,"column":11}},"50":{"start":{"line":167,"column":23},"end":{"line":174,"column":5}},"51":{"start":{"line":176,"column":4},"end":{"line":181,"column":7}},"52":{"start":{"line":183,"column":4},"end":{"line":187,"column":7}},"53":{"start":{"line":189,"column":4},"end":{"line":189,"column":70}},"54":{"start":{"line":191,"column":4},"end":{"line":196,"column":5}},"55":{"start":{"line":192,"column":6},"end":{"line":195,"column":9}},"56":{"start":{"line":198,"column":4},"end":{"line":203,"column":5}},"57":{"start":{"line":199,"column":6},"end":{"line":202,"column":9}},"58":{"start":{"line":205,"column":4},"end":{"line":205,"column":21}},"59":{"start":{"line":216,"column":0},"end":{"line":291,"column":2}},"60":{"start":{"line":217,"column":2},"end":{"line":290,"column":3}},"61":{"start":{"line":218,"column":23},"end":{"line":218,"column":33}},"62":{"start":{"line":219,"column":33},"end":{"line":219,"column":42}},"63":{"start":{"line":220,"column":19},"end":{"line":220,"column":30}},"64":{"start":{"line":221,"column":21},"end":{"line":221,"column":34}},"65":{"start":{"line":224,"column":4},"end":{"line":232,"column":5}},"66":{"start":{"line":225,"column":19},"end":{"line":225,"column":75}},"67":{"start":{"line":226,"column":6},"end":{"line":231,"column":7}},"68":{"start":{"line":227,"column":8},"end":{"line":230,"column":11}},"69":{"start":{"line":235,"column":20},"end":{"line":235,"column":22}},"70":{"start":{"line":236,"column":4},"end":{"line":238,"column":5}},"71":{"start":{"line":237,"column":6},"end":{"line":237,"column":48}},"72":{"start":{"line":239,"column":4},"end":{"line":249,"column":5}},"73":{"start":{"line":240,"column":28},"end":{"line":240,"column":78}},"74":{"start":{"line":241,"column":6},"end":{"line":247,"column":7}},"75":{"start":{"line":242,"column":8},"end":{"line":246,"column":11}},"76":{"start":{"line":248,"column":6},"end":{"line":248,"column":30}},"77":{"start":{"line":252,"column":24},"end":{"line":255,"column":5}},"78":{"start":{"line":258,"column":20},"end":{"line":258,"column":87}},"79":{"start":{"line":260,"column":4},"end":{"line":264,"column":7}},"80":{"start":{"line":266,"column":4},"end":{"line":271,"column":7}},"81":{"start":{"line":273,"column":4},"end":{"line":273,"column":73}},"82":{"start":{"line":275,"column":4},"end":{"line":280,"column":5}},"83":{"start":{"line":276,"column":6},"end":{"line":279,"column":9}},"84":{"start":{"line":282,"column":4},"end":{"line":287,"column":5}},"85":{"start":{"line":283,"column":6},"end":{"line":286,"column":9}},"86":{"start":{"line":289,"column":4},"end":{"line":289,"column":21}},"87":{"start":{"line":300,"column":0},"end":{"line":362,"column":2}},"88":{"start":{"line":301,"column":2},"end":{"line":361,"column":3}},"89":{"start":{"line":302,"column":32},"end":{"line":302,"column":42}},"90":{"start":{"line":303,"column":19},"end":{"line":303,"column":30}},"91":{"start":{"line":304,"column":21},"end":{"line":304,"column":34}},"92":{"start":{"line":307,"column":4},"end":{"line":312,"column":5}},"93":{"start":{"line":308,"column":6},"end":{"line":311,"column":9}},"94":{"start":{"line":315,"column":4},"end":{"line":323,"column":5}},"95":{"start":{"line":316,"column":19},"end":{"line":316,"column":75}},"96":{"start":{"line":317,"column":6},"end":{"line":322,"column":7}},"97":{"start":{"line":318,"column":8},"end":{"line":321,"column":11}},"98":{"start":{"line":326,"column":19},"end":{"line":330,"column":5}},"99":{"start":{"line":332,"column":4},"end":{"line":336,"column":7}},"100":{"start":{"line":338,"column":4},"end":{"line":342,"column":7}},"101":{"start":{"line":344,"column":4},"end":{"line":344,"column":70}},"102":{"start":{"line":346,"column":4},"end":{"line":351,"column":5}},"103":{"start":{"line":347,"column":6},"end":{"line":350,"column":9}},"104":{"start":{"line":353,"column":4},"end":{"line":358,"column":5}},"105":{"start":{"line":354,"column":6},"end":{"line":357,"column":9}},"106":{"start":{"line":360,"column":4},"end":{"line":360,"column":21}},"107":{"start":{"line":371,"column":0},"end":{"line":420,"column":2}},"108":{"start":{"line":372,"column":2},"end":{"line":419,"column":3}},"109":{"start":{"line":373,"column":23},"end":{"line":373,"column":33}},"110":{"start":{"line":374,"column":19},"end":{"line":374,"column":30}},"111":{"start":{"line":375,"column":21},"end":{"line":375,"column":34}},"112":{"start":{"line":378,"column":4},"end":{"line":386,"column":5}},"113":{"start":{"line":379,"column":19},"end":{"line":379,"column":75}},"114":{"start":{"line":380,"column":6},"end":{"line":385,"column":7}},"115":{"start":{"line":381,"column":8},"end":{"line":384,"column":11}},"116":{"start":{"line":389,"column":20},"end":{"line":389,"column":87}},"117":{"start":{"line":391,"column":4},"end":{"line":394,"column":7}},"118":{"start":{"line":396,"column":4},"end":{"line":400,"column":7}},"119":{"start":{"line":402,"column":4},"end":{"line":402,"column":80}},"120":{"start":{"line":404,"column":4},"end":{"line":409,"column":5}},"121":{"start":{"line":405,"column":6},"end":{"line":408,"column":9}},"122":{"start":{"line":411,"column":4},"end":{"line":416,"column":5}},"123":{"start":{"line":412,"column":6},"end":{"line":415,"column":9}},"124":{"start":{"line":418,"column":4},"end":{"line":418,"column":21}}},"fnMap":{"0":{"name":"(anonymous_0)","decl":{"start":{"line":18,"column":17},"end":{"line":18,"column":18}},"loc":{"start":{"line":18,"column":43},"end":{"line":104,"column":1}},"line":18},"1":{"name":"(anonymous_1)","decl":{"start":{"line":113,"column":17},"end":{"line":113,"column":18}},"loc":{"start":{"line":113,"column":43},"end":{"line":207,"column":1}},"line":113},"2":{"name":"(anonymous_2)","decl":{"start":{"line":216,"column":15},"end":{"line":216,"column":16}},"loc":{"start":{"line":216,"column":41},"end":{"line":291,"column":1}},"line":216},"3":{"name":"(anonymous_3)","decl":{"start":{"line":300,"column":17},"end":{"line":300,"column":18}},"loc":{"start":{"line":300,"column":43},"end":{"line":362,"column":1}},"line":300},"4":{"name":"(anonymous_4)","decl":{"start":{"line":371,"column":18},"end":{"line":371,"column":19}},"loc":{"start":{"line":371,"column":44},"end":{"line":420,"column":1}},"line":371}},"branchMap":{"0":{"loc":{"start":{"line":34,"column":4},"end":{"line":40,"column":5}},"type":"if","locations":[{"start":{"line":34,"column":4},"end":{"line":40,"column":5}},{"start":{},"end":{}}],"line":34},"1":{"loc":{"start":{"line":43,"column":4},"end":{"line":58,"column":5}},"type":"if","locations":[{"start":{"line":43,"column":4},"end":{"line":58,"column":5}},{"start":{},"end":{}}],"line":43},"2":{"loc":{"start":{"line":45,"column":6},"end":{"line":50,"column":7}},"type":"if","locations":[{"start":{"line":45,"column":6},"end":{"line":50,"column":7}},{"start":{},"end":{}}],"line":45},"3":{"loc":{"start":{"line":52,"column":6},"end":{"line":57,"column":7}},"type":"if","locations":[{"start":{"line":52,"column":6},"end":{"line":57,"column":7}},{"start":{},"end":{}}],"line":52},"4":{"loc":{"start":{"line":52,"column":10},"end":{"line":52,"column":88}},"type":"binary-expr","locations":[{"start":{"line":52,"column":10},"end":{"line":52,"column":36}},{"start":{"line":52,"column":40},"end":{"line":52,"column":60}},{"start":{"line":52,"column":64},"end":{"line":52,"column":88}}],"line":52},"5":{"loc":{"start":{"line":61,"column":21},"end":{"line":61,"column":78}},"type":"binary-expr","locations":[{"start":{"line":61,"column":21},"end":{"line":61,"column":36}},{"start":{"line":61,"column":40},"end":{"line":61,"column":78}}],"line":61},"6":{"loc":{"start":{"line":88,"column":4},"end":{"line":93,"column":5}},"type":"if","locations":[{"start":{"line":88,"column":4},"end":{"line":93,"column":5}},{"start":{},"end":{}}],"line":88},"7":{"loc":{"start":{"line":95,"column":4},"end":{"line":100,"column":5}},"type":"if","locations":[{"start":{"line":95,"column":4},"end":{"line":100,"column":5}},{"start":{},"end":{}}],"line":95},"8":{"loc":{"start":{"line":121,"column":4},"end":{"line":130,"column":5}},"type":"if","locations":[{"start":{"line":121,"column":4},"end":{"line":130,"column":5}},{"start":{},"end":{}}],"line":121},"9":{"loc":{"start":{"line":123,"column":6},"end":{"line":129,"column":7}},"type":"if","locations":[{"start":{"line":123,"column":6},"end":{"line":129,"column":7}},{"start":{},"end":{}}],"line":123},"10":{"loc":{"start":{"line":133,"column":4},"end":{"line":139,"column":5}},"type":"if","locations":[{"start":{"line":133,"column":4},"end":{"line":139,"column":5}},{"start":{},"end":{}}],"line":133},"11":{"loc":{"start":{"line":133,"column":8},"end":{"line":133,"column":42}},"type":"binary-expr","locations":[{"start":{"line":133,"column":8},"end":{"line":133,"column":13}},{"start":{"line":133,"column":17},"end":{"line":133,"column":42}}],"line":133},"12":{"loc":{"start":{"line":141,"column":4},"end":{"line":147,"column":5}},"type":"if","locations":[{"start":{"line":141,"column":4},"end":{"line":147,"column":5}},{"start":{},"end":{}}],"line":141},"13":{"loc":{"start":{"line":141,"column":8},"end":{"line":141,"column":35}},"type":"binary-expr","locations":[{"start":{"line":141,"column":8},"end":{"line":141,"column":13}},{"start":{"line":141,"column":17},"end":{"line":141,"column":35}}],"line":141},"14":{"loc":{"start":{"line":150,"column":4},"end":{"line":164,"column":5}},"type":"if","locations":[{"start":{"line":150,"column":4},"end":{"line":164,"column":5}},{"start":{},"end":{}}],"line":150},"15":{"loc":{"start":{"line":152,"column":6},"end":{"line":157,"column":7}},"type":"if","locations":[{"start":{"line":152,"column":6},"end":{"line":157,"column":7}},{"start":{},"end":{}}],"line":152},"16":{"loc":{"start":{"line":158,"column":6},"end":{"line":163,"column":7}},"type":"if","locations":[{"start":{"line":158,"column":6},"end":{"line":163,"column":7}},{"start":{},"end":{}}],"line":158},"17":{"loc":{"start":{"line":191,"column":4},"end":{"line":196,"column":5}},"type":"if","locations":[{"start":{"line":191,"column":4},"end":{"line":196,"column":5}},{"start":{},"end":{}}],"line":191},"18":{"loc":{"start":{"line":198,"column":4},"end":{"line":203,"column":5}},"type":"if","locations":[{"start":{"line":198,"column":4},"end":{"line":203,"column":5}},{"start":{},"end":{}}],"line":198},"19":{"loc":{"start":{"line":224,"column":4},"end":{"line":232,"column":5}},"type":"if","locations":[{"start":{"line":224,"column":4},"end":{"line":232,"column":5}},{"start":{},"end":{}}],"line":224},"20":{"loc":{"start":{"line":226,"column":6},"end":{"line":231,"column":7}},"type":"if","locations":[{"start":{"line":226,"column":6},"end":{"line":231,"column":7}},{"start":{},"end":{}}],"line":226},"21":{"loc":{"start":{"line":236,"column":4},"end":{"line":238,"column":5}},"type":"if","locations":[{"start":{"line":236,"column":4},"end":{"line":238,"column":5}},{"start":{},"end":{}}],"line":236},"22":{"loc":{"start":{"line":239,"column":4},"end":{"line":249,"column":5}},"type":"if","locations":[{"start":{"line":239,"column":4},"end":{"line":249,"column":5}},{"start":{},"end":{}}],"line":239},"23":{"loc":{"start":{"line":241,"column":6},"end":{"line":247,"column":7}},"type":"if","locations":[{"start":{"line":241,"column":6},"end":{"line":247,"column":7}},{"start":{},"end":{}}],"line":241},"24":{"loc":{"start":{"line":275,"column":4},"end":{"line":280,"column":5}},"type":"if","locations":[{"start":{"line":275,"column":4},"end":{"line":280,"column":5}},{"start":{},"end":{}}],"line":275},"25":{"loc":{"start":{"line":282,"column":4},"end":{"line":287,"column":5}},"type":"if","locations":[{"start":{"line":282,"column":4},"end":{"line":287,"column":5}},{"start":{},"end":{}}],"line":282},"26":{"loc":{"start":{"line":307,"column":4},"end":{"line":312,"column":5}},"type":"if","locations":[{"start":{"line":307,"column":4},"end":{"line":312,"column":5}},{"start":{},"end":{}}],"line":307},"27":{"loc":{"start":{"line":315,"column":4},"end":{"line":323,"column":5}},"type":"if","locations":[{"start":{"line":315,"column":4},"end":{"line":323,"column":5}},{"start":{},"end":{}}],"line":315},"28":{"loc":{"start":{"line":317,"column":6},"end":{"line":322,"column":7}},"type":"if","locations":[{"start":{"line":317,"column":6},"end":{"line":322,"column":7}},{"start":{},"end":{}}],"line":317},"29":{"loc":{"start":{"line":317,"column":10},"end":{"line":317,"column":45}},"type":"binary-expr","locations":[{"start":{"line":317,"column":10},"end":{"line":317,"column":15}},{"start":{"line":317,"column":19},"end":{"line":317,"column":45}}],"line":317},"30":{"loc":{"start":{"line":346,"column":4},"end":{"line":351,"column":5}},"type":"if","locations":[{"start":{"line":346,"column":4},"end":{"line":351,"column":5}},{"start":{},"end":{}}],"line":346},"31":{"loc":{"start":{"line":353,"column":4},"end":{"line":358,"column":5}},"type":"if","locations":[{"start":{"line":353,"column":4},"end":{"line":358,"column":5}},{"start":{},"end":{}}],"line":353},"32":{"loc":{"start":{"line":378,"column":4},"end":{"line":386,"column":5}},"type":"if","locations":[{"start":{"line":378,"column":4},"end":{"line":386,"column":5}},{"start":{},"end":{}}],"line":378},"33":{"loc":{"start":{"line":380,"column":6},"end":{"line":385,"column":7}},"type":"if","locations":[{"start":{"line":380,"column":6},"end":{"line":385,"column":7}},{"start":{},"end":{}}],"line":380},"34":{"loc":{"start":{"line":404,"column":4},"end":{"line":409,"column":5}},"type":"if","locations":[{"start":{"line":404,"column":4},"end":{"line":409,"column":5}},{"start":{},"end":{}}],"line":404},"35":{"loc":{"start":{"line":411,"column":4},"end":{"line":416,"column":5}},"type":"if","locations":[{"start":{"line":411,"column":4},"end":{"line":416,"column":5}},{"start":{},"end":{}}],"line":411}},"s":{"0":0,"1":0,"2":0,"3":0,"4":0,"5":0,"6":0,"7":0,"8":0,"9":0,"10":0,"11":0,"12":0,"13":0,"14":0,"15":0,"16":0,"17":0,"18":0,"19":0,"20":0,"21":0,"22":0,"23":0,"24":0,"25":0,"26":0,"27":0,"28":0,"29":0,"30":0,"31":0,"32":0,"33":0,"34":0,"35":0,"36":0,"37":0,"38":0,"39":0,"40":0,"41":0,"42":0,"43":0,"44":0,"45":0,"46":0,"47":0,"48":0,"49":0,"50":0,"51":0,"52":0,"53":0,"54":0,"55":0,"56":0,"57":0,"58":0,"59":0,"60":0,"61":0,"62":0,"63":0,"64":0,"65":0,"66":0,"67":0,"68":0,"69":0,"70":0,"71":0,"72":0,"73":0,"74":0,"75":0,"76":0,"77":0,"78":0,"79":0,"80":0,"81":0,"82":0,"83":0,"84":0,"85":0,"86":0,"87":0,"88":0,"89":0,"90":0,"91":0,"92":0,"93":0,"94":0,"95":0,"96":0,"97":0,"98":0,"99":0,"100":0,"101":0,"102":0,"103":0,"104":0,"105":0,"106":0,"107":0,"108":0,"109":0,"110":0,"111":0,"112":0,"113":0,"114":0,"115":0,"116":0,"117":0,"118":0,"119":0,"120":0,"121":0,"122":0,"123":0,"124":0},"f":{"0":0,"1":0,"2":0,"3":0,"4":0},"b":{"0":[0,0],"1":[0,0],"2":[0,0],"3":[0,0],"4":[0,0,0],"5":[0,0],"6":[0,0],"7":[0,0],"8":[0,0],"9":[0,0],"10":[0,0],"11":[0,0],"12":[0,0],"13":[0,0],"14":[0,0],"15":[0,0],"16":[0,0],"17":[0,0],"18":[0,0],"19":[0,0],"20":[0,0],"21":[0,0],"22":[0,0],"23":[0,0],"24":[0,0],"25":[0,0],"26":[0,0],"27":[0,0],"28":[0,0],"29":[0,0],"30":[0,0],"31":[0,0],"32":[0,0],"33":[0,0],"34":[0,0],"35":[0,0]}}
,"D:\\Project\\QLHS\\backend\\src\\controllers\\kindergartenController.js": {"path":"D:\\Project\\QLHS\\backend\\src\\controllers\\kindergartenController.js","statementMap":{"0":{"start":{"line":1,"column":28},"end":{"line":1,"column":70}},"1":{"start":{"line":2,"column":15},"end":{"line":2,"column":41}},"2":{"start":{"line":13,"column":0},"end":{"line":40,"column":2}},"3":{"start":{"line":14,"column":2},"end":{"line":39,"column":3}},"4":{"start":{"line":15,"column":27},"end":{"line":15,"column":51}},"5":{"start":{"line":17,"column":20},"end":{"line":17,"column":84}},"6":{"start":{"line":19,"column":4},"end":{"line":21,"column":7}},"7":{"start":{"line":23,"column":4},"end":{"line":27,"column":7}},"8":{"start":{"line":29,"column":4},"end":{"line":29,"column":69}},"9":{"start":{"line":31,"column":4},"end":{"line":36,"column":5}},"10":{"start":{"line":32,"column":6},"end":{"line":35,"column":9}},"11":{"start":{"line":38,"column":4},"end":{"line":38,"column":21}},"12":{"start":{"line":46,"column":0},"end":{"line":86,"column":2}},"13":{"start":{"line":47,"column":2},"end":{"line":85,"column":3}},"14":{"start":{"line":48,"column":27},"end":{"line":48,"column":51}},"15":{"start":{"line":49,"column":19},"end":{"line":49,"column":30}},"16":{"start":{"line":50,"column":21},"end":{"line":50,"column":34}},"17":{"start":{"line":51,"column":20},"end":{"line":51,"column":28}},"18":{"start":{"line":54,"column":4},"end":{"line":59,"column":5}},"19":{"start":{"line":55,"column":6},"end":{"line":58,"column":9}},"20":{"start":{"line":61,"column":20},"end":{"line":65,"column":5}},"21":{"start":{"line":67,"column":4},"end":{"line":67,"column":82}},"22":{"start":{"line":69,"column":4},"end":{"line":73,"column":7}},"23":{"start":{"line":75,"column":4},"end":{"line":75,"column":67}},"24":{"start":{"line":77,"column":4},"end":{"line":82,"column":5}},"25":{"start":{"line":78,"column":6},"end":{"line":81,"column":9}},"26":{"start":{"line":84,"column":4},"end":{"line":84,"column":21}},"27":{"start":{"line":92,"column":0},"end":{"line":127,"column":2}},"28":{"start":{"line":93,"column":2},"end":{"line":126,"column":3}},"29":{"start":{"line":94,"column":27},"end":{"line":94,"column":51}},"30":{"start":{"line":95,"column":44},"end":{"line":95,"column":53}},"31":{"start":{"line":97,"column":20},"end":{"line":97,"column":22}},"32":{"start":{"line":98,"column":4},"end":{"line":98,"column":34}},"33":{"start":{"line":98,"column":14},"end":{"line":98,"column":34}},"34":{"start":{"line":99,"column":4},"end":{"line":99,"column":40}},"35":{"start":{"line":99,"column":16},"end":{"line":99,"column":40}},"36":{"start":{"line":100,"column":4},"end":{"line":100,"column":51}},"37":{"start":{"line":100,"column":15},"end":{"line":100,"column":51}},"38":{"start":{"line":101,"column":4},"end":{"line":101,"column":54}},"39":{"start":{"line":101,"column":16},"end":{"line":101,"column":54}},"40":{"start":{"line":103,"column":18},"end":{"line":106,"column":5}},"41":{"start":{"line":108,"column":4},"end":{"line":111,"column":7}},"42":{"start":{"line":113,"column":4},"end":{"line":122,"column":7}},"43":{"start":{"line":124,"column":4},"end":{"line":124,"column":67}},"44":{"start":{"line":125,"column":4},"end":{"line":125,"column":21}},"45":{"start":{"line":133,"column":0},"end":{"line":171,"column":2}},"46":{"start":{"line":134,"column":2},"end":{"line":170,"column":3}},"47":{"start":{"line":135,"column":27},"end":{"line":135,"column":51}},"48":{"start":{"line":136,"column":21},"end":{"line":136,"column":34}},"49":{"start":{"line":139,"column":4},"end":{"line":144,"column":5}},"50":{"start":{"line":140,"column":6},"end":{"line":143,"column":9}},"51":{"start":{"line":146,"column":21},"end":{"line":148,"column":5}},"52":{"start":{"line":150,"column":4},"end":{"line":152,"column":7}},"53":{"start":{"line":154,"column":4},"end":{"line":158,"column":7}},"54":{"start":{"line":160,"column":4},"end":{"line":160,"column":70}},"55":{"start":{"line":162,"column":4},"end":{"line":167,"column":5}},"56":{"start":{"line":163,"column":6},"end":{"line":166,"column":9}},"57":{"start":{"line":169,"column":4},"end":{"line":169,"column":21}}},"fnMap":{"0":{"name":"(anonymous_0)","decl":{"start":{"line":13,"column":21},"end":{"line":13,"column":22}},"loc":{"start":{"line":13,"column":47},"end":{"line":40,"column":1}},"line":13},"1":{"name":"(anonymous_1)","decl":{"start":{"line":46,"column":24},"end":{"line":46,"column":25}},"loc":{"start":{"line":46,"column":50},"end":{"line":86,"column":1}},"line":46},"2":{"name":"(anonymous_2)","decl":{"start":{"line":92,"column":19},"end":{"line":92,"column":20}},"loc":{"start":{"line":92,"column":45},"end":{"line":127,"column":1}},"line":92},"3":{"name":"(anonymous_3)","decl":{"start":{"line":133,"column":22},"end":{"line":133,"column":23}},"loc":{"start":{"line":133,"column":48},"end":{"line":171,"column":1}},"line":133}},"branchMap":{"0":{"loc":{"start":{"line":31,"column":4},"end":{"line":36,"column":5}},"type":"if","locations":[{"start":{"line":31,"column":4},"end":{"line":36,"column":5}},{"start":{},"end":{}}],"line":31},"1":{"loc":{"start":{"line":54,"column":4},"end":{"line":59,"column":5}},"type":"if","locations":[{"start":{"line":54,"column":4},"end":{"line":59,"column":5}},{"start":{},"end":{}}],"line":54},"2":{"loc":{"start":{"line":54,"column":8},"end":{"line":54,"column":56}},"type":"binary-expr","locations":[{"start":{"line":54,"column":8},"end":{"line":54,"column":28}},{"start":{"line":54,"column":32},"end":{"line":54,"column":56}}],"line":54},"3":{"loc":{"start":{"line":77,"column":4},"end":{"line":82,"column":5}},"type":"if","locations":[{"start":{"line":77,"column":4},"end":{"line":82,"column":5}},{"start":{},"end":{}}],"line":77},"4":{"loc":{"start":{"line":98,"column":4},"end":{"line":98,"column":34}},"type":"if","locations":[{"start":{"line":98,"column":4},"end":{"line":98,"column":34}},{"start":{},"end":{}}],"line":98},"5":{"loc":{"start":{"line":99,"column":4},"end":{"line":99,"column":40}},"type":"if","locations":[{"start":{"line":99,"column":4},"end":{"line":99,"column":40}},{"start":{},"end":{}}],"line":99},"6":{"loc":{"start":{"line":100,"column":4},"end":{"line":100,"column":51}},"type":"if","locations":[{"start":{"line":100,"column":4},"end":{"line":100,"column":51}},{"start":{},"end":{}}],"line":100},"7":{"loc":{"start":{"line":101,"column":4},"end":{"line":101,"column":54}},"type":"if","locations":[{"start":{"line":101,"column":4},"end":{"line":101,"column":54}},{"start":{},"end":{}}],"line":101},"8":{"loc":{"start":{"line":139,"column":4},"end":{"line":144,"column":5}},"type":"if","locations":[{"start":{"line":139,"column":4},"end":{"line":144,"column":5}},{"start":{},"end":{}}],"line":139},"9":{"loc":{"start":{"line":139,"column":8},"end":{"line":139,"column":56}},"type":"binary-expr","locations":[{"start":{"line":139,"column":8},"end":{"line":139,"column":28}},{"start":{"line":139,"column":32},"end":{"line":139,"column":56}}],"line":139},"10":{"loc":{"start":{"line":162,"column":4},"end":{"line":167,"column":5}},"type":"if","locations":[{"start":{"line":162,"column":4},"end":{"line":167,"column":5}},{"start":{},"end":{}}],"line":162}},"s":{"0":0,"1":0,"2":0,"3":0,"4":0,"5":0,"6":0,"7":0,"8":0,"9":0,"10":0,"11":0,"12":0,"13":0,"14":0,"15":0,"16":0,"17":0,"18":0,"19":0,"20":0,"21":0,"22":0,"23":0,"24":0,"25":0,"26":0,"27":0,"28":0,"29":0,"30":0,"31":0,"32":0,"33":0,"34":0,"35":0,"36":0,"37":0,"38":0,"39":0,"40":0,"41":0,"42":0,"43":0,"44":0,"45":0,"46":0,"47":0,"48":0,"49":0,"50":0,"51":0,"52":0,"53":0,"54":0,"55":0,"56":0,"57":0},"f":{"0":0,"1":0,"2":0,"3":0},"b":{"0":[0,0],"1":[0,0],"2":[0,0],"3":[0,0],"4":[0,0],"5":[0,0],"6":[0,0],"7":[0,0],"8":[0,0],"9":[0,0],"10":[0,0]}}
,"D:\\Project\\QLHS\\backend\\src\\controllers\\plansController.js": {"path":"D:\\Project\\QLHS\\backend\\src\\controllers\\plansController.js","statementMap":{"0":{"start":{"line":1,"column":21},"end":{"line":1,"column":56}},"1":{"start":{"line":2,"column":24},"end":{"line":2,"column":62}},"2":{"start":{"line":3,"column":15},"end":{"line":3,"column":41}},"3":{"start":{"line":14,"column":0},"end":{"line":64,"column":2}},"4":{"start":{"line":15,"column":2},"end":{"line":63,"column":3}},"5":{"start":{"line":23,"column":8},"end":{"line":23,"column":17}},"6":{"start":{"line":26,"column":23},"end":{"line":26,"column":59}},"7":{"start":{"line":27,"column":24},"end":{"line":27,"column":58}},"8":{"start":{"line":30,"column":18},"end":{"line":30,"column":51}},"9":{"start":{"line":32,"column":4},"end":{"line":38,"column":5}},"10":{"start":{"line":34,"column":6},"end":{"line":34,"column":39}},"11":{"start":{"line":35,"column":11},"end":{"line":38,"column":5}},"12":{"start":{"line":37,"column":6},"end":{"line":37,"column":57}},"13":{"start":{"line":40,"column":29},"end":{"line":43,"column":6}},"14":{"start":{"line":45,"column":4},"end":{"line":45,"column":66}},"15":{"start":{"line":47,"column":4},"end":{"line":59,"column":7}},"16":{"start":{"line":61,"column":4},"end":{"line":61,"column":48}},"17":{"start":{"line":62,"column":4},"end":{"line":62,"column":23}},"18":{"start":{"line":70,"column":0},"end":{"line":146,"column":2}},"19":{"start":{"line":71,"column":2},"end":{"line":145,"column":3}},"20":{"start":{"line":72,"column":21},"end":{"line":72,"column":29}},"21":{"start":{"line":75,"column":18},"end":{"line":75,"column":71}},"22":{"start":{"line":77,"column":4},"end":{"line":83,"column":5}},"23":{"start":{"line":78,"column":6},"end":{"line":82,"column":9}},"24":{"start":{"line":86,"column":4},"end":{"line":104,"column":5}},"25":{"start":{"line":88,"column":6},"end":{"line":94,"column":7}},"26":{"start":{"line":89,"column":8},"end":{"line":93,"column":11}},"27":{"start":{"line":95,"column":11},"end":{"line":104,"column":5}},"28":{"start":{"line":97,"column":6},"end":{"line":103,"column":7}},"29":{"start":{"line":98,"column":8},"end":{"line":102,"column":11}},"30":{"start":{"line":106,"column":20},"end":{"line":106,"column":72}},"31":{"start":{"line":108,"column":4},"end":{"line":108,"column":65}},"32":{"start":{"line":110,"column":4},"end":{"line":115,"column":7}},"33":{"start":{"line":117,"column":4},"end":{"line":117,"column":48}},"34":{"start":{"line":120,"column":4},"end":{"line":126,"column":5}},"35":{"start":{"line":121,"column":6},"end":{"line":125,"column":9}},"36":{"start":{"line":128,"column":4},"end":{"line":134,"column":5}},"37":{"start":{"line":129,"column":6},"end":{"line":133,"column":9}},"38":{"start":{"line":136,"column":4},"end":{"line":142,"column":5}},"39":{"start":{"line":137,"column":6},"end":{"line":141,"column":9}},"40":{"start":{"line":144,"column":4},"end":{"line":144,"column":23}},"41":{"start":{"line":152,"column":0},"end":{"line":201,"column":2}},"42":{"start":{"line":153,"column":2},"end":{"line":200,"column":3}},"43":{"start":{"line":154,"column":19},"end":{"line":154,"column":29}},"44":{"start":{"line":156,"column":17},"end":{"line":156,"column":56}},"45":{"start":{"line":158,"column":4},"end":{"line":164,"column":5}},"46":{"start":{"line":159,"column":6},"end":{"line":163,"column":9}},"47":{"start":{"line":167,"column":4},"end":{"line":185,"column":5}},"48":{"start":{"line":169,"column":6},"end":{"line":175,"column":7}},"49":{"start":{"line":170,"column":8},"end":{"line":174,"column":11}},"50":{"start":{"line":176,"column":11},"end":{"line":185,"column":5}},"51":{"start":{"line":178,"column":6},"end":{"line":184,"column":7}},"52":{"start":{"line":179,"column":8},"end":{"line":183,"column":11}},"53":{"start":{"line":187,"column":21},"end":{"line":187,"column":55}},"54":{"start":{"line":189,"column":4},"end":{"line":189,"column":41}},"55":{"start":{"line":191,"column":4},"end":{"line":196,"column":7}},"56":{"start":{"line":198,"column":4},"end":{"line":198,"column":47}},"57":{"start":{"line":199,"column":4},"end":{"line":199,"column":23}},"58":{"start":{"line":207,"column":0},"end":{"line":276,"column":2}},"59":{"start":{"line":208,"column":2},"end":{"line":275,"column":3}},"60":{"start":{"line":209,"column":19},"end":{"line":209,"column":29}},"61":{"start":{"line":210,"column":23},"end":{"line":210,"column":31}},"62":{"start":{"line":213,"column":17},"end":{"line":213,"column":56}},"63":{"start":{"line":215,"column":4},"end":{"line":221,"column":5}},"64":{"start":{"line":216,"column":6},"end":{"line":220,"column":9}},"65":{"start":{"line":224,"column":4},"end":{"line":242,"column":5}},"66":{"start":{"line":226,"column":6},"end":{"line":232,"column":7}},"67":{"start":{"line":227,"column":8},"end":{"line":231,"column":11}},"68":{"start":{"line":233,"column":11},"end":{"line":242,"column":5}},"69":{"start":{"line":235,"column":6},"end":{"line":241,"column":7}},"70":{"start":{"line":236,"column":8},"end":{"line":240,"column":11}},"71":{"start":{"line":244,"column":24},"end":{"line":244,"column":69}},"72":{"start":{"line":246,"column":4},"end":{"line":246,"column":39}},"73":{"start":{"line":248,"column":4},"end":{"line":253,"column":7}},"74":{"start":{"line":255,"column":4},"end":{"line":255,"column":48}},"75":{"start":{"line":258,"column":4},"end":{"line":264,"column":5}},"76":{"start":{"line":259,"column":6},"end":{"line":263,"column":9}},"77":{"start":{"line":266,"column":4},"end":{"line":272,"column":5}},"78":{"start":{"line":267,"column":6},"end":{"line":271,"column":9}},"79":{"start":{"line":274,"column":4},"end":{"line":274,"column":23}},"80":{"start":{"line":282,"column":0},"end":{"line":348,"column":2}},"81":{"start":{"line":283,"column":2},"end":{"line":347,"column":3}},"82":{"start":{"line":284,"column":19},"end":{"line":284,"column":29}},"83":{"start":{"line":287,"column":17},"end":{"line":287,"column":56}},"84":{"start":{"line":289,"column":4},"end":{"line":295,"column":5}},"85":{"start":{"line":290,"column":6},"end":{"line":294,"column":9}},"86":{"start":{"line":298,"column":4},"end":{"line":304,"column":5}},"87":{"start":{"line":299,"column":6},"end":{"line":303,"column":9}},"88":{"start":{"line":306,"column":4},"end":{"line":324,"column":5}},"89":{"start":{"line":308,"column":6},"end":{"line":314,"column":7}},"90":{"start":{"line":309,"column":8},"end":{"line":313,"column":11}},"91":{"start":{"line":315,"column":11},"end":{"line":324,"column":5}},"92":{"start":{"line":317,"column":6},"end":{"line":323,"column":7}},"93":{"start":{"line":318,"column":8},"end":{"line":322,"column":11}},"94":{"start":{"line":326,"column":4},"end":{"line":326,"column":38}},"95":{"start":{"line":328,"column":4},"end":{"line":328,"column":57}},"96":{"start":{"line":330,"column":4},"end":{"line":334,"column":7}},"97":{"start":{"line":336,"column":4},"end":{"line":336,"column":48}},"98":{"start":{"line":338,"column":4},"end":{"line":344,"column":5}},"99":{"start":{"line":339,"column":6},"end":{"line":343,"column":9}},"100":{"start":{"line":346,"column":4},"end":{"line":346,"column":23}},"101":{"start":{"line":354,"column":0},"end":{"line":408,"column":2}},"102":{"start":{"line":355,"column":2},"end":{"line":407,"column":3}},"103":{"start":{"line":356,"column":19},"end":{"line":356,"column":29}},"104":{"start":{"line":359,"column":21},"end":{"line":359,"column":60}},"105":{"start":{"line":361,"column":4},"end":{"line":367,"column":5}},"106":{"start":{"line":362,"column":6},"end":{"line":366,"column":9}},"107":{"start":{"line":370,"column":4},"end":{"line":386,"column":5}},"108":{"start":{"line":371,"column":6},"end":{"line":377,"column":7}},"109":{"start":{"line":372,"column":8},"end":{"line":376,"column":11}},"110":{"start":{"line":378,"column":11},"end":{"line":386,"column":5}},"111":{"start":{"line":379,"column":6},"end":{"line":385,"column":7}},"112":{"start":{"line":380,"column":8},"end":{"line":384,"column":11}},"113":{"start":{"line":389,"column":17},"end":{"line":389,"column":51}},"114":{"start":{"line":393,"column":4},"end":{"line":393,"column":52}},"115":{"start":{"line":395,"column":4},"end":{"line":403,"column":7}},"116":{"start":{"line":405,"column":4},"end":{"line":405,"column":56}},"117":{"start":{"line":406,"column":4},"end":{"line":406,"column":23}},"118":{"start":{"line":414,"column":0},"end":{"line":496,"column":2}},"119":{"start":{"line":415,"column":2},"end":{"line":495,"column":3}},"120":{"start":{"line":416,"column":19},"end":{"line":416,"column":29}},"121":{"start":{"line":419,"column":21},"end":{"line":419,"column":60}},"122":{"start":{"line":421,"column":4},"end":{"line":427,"column":5}},"123":{"start":{"line":422,"column":6},"end":{"line":426,"column":9}},"124":{"start":{"line":430,"column":4},"end":{"line":446,"column":5}},"125":{"start":{"line":431,"column":6},"end":{"line":437,"column":7}},"126":{"start":{"line":432,"column":8},"end":{"line":436,"column":11}},"127":{"start":{"line":438,"column":11},"end":{"line":446,"column":5}},"128":{"start":{"line":439,"column":6},"end":{"line":445,"column":7}},"129":{"start":{"line":440,"column":8},"end":{"line":444,"column":11}},"130":{"start":{"line":449,"column":17},"end":{"line":449,"column":51}},"131":{"start":{"line":451,"column":21},"end":{"line":458,"column":5}},"132":{"start":{"line":461,"column":4},"end":{"line":484,"column":7}},"133":{"start":{"line":462,"column":25},"end":{"line":467,"column":7}},"134":{"start":{"line":469,"column":6},"end":{"line":474,"column":9}},"135":{"start":{"line":470,"column":23},"end":{"line":470,"column":59}},"136":{"start":{"line":471,"column":8},"end":{"line":473,"column":9}},"137":{"start":{"line":472,"column":10},"end":{"line":472,"column":31}},"138":{"start":{"line":476,"column":26},"end":{"line":476,"column":78}},"139":{"start":{"line":476,"column":69},"end":{"line":476,"column":74}},"140":{"start":{"line":477,"column":6},"end":{"line":483,"column":8}},"141":{"start":{"line":486,"column":4},"end":{"line":491,"column":7}},"142":{"start":{"line":493,"column":4},"end":{"line":493,"column":56}},"143":{"start":{"line":494,"column":4},"end":{"line":494,"column":23}}},"fnMap":{"0":{"name":"(anonymous_0)","decl":{"start":{"line":14,"column":15},"end":{"line":14,"column":16}},"loc":{"start":{"line":14,"column":41},"end":{"line":64,"column":1}},"line":14},"1":{"name":"(anonymous_1)","decl":{"start":{"line":70,"column":17},"end":{"line":70,"column":18}},"loc":{"start":{"line":70,"column":43},"end":{"line":146,"column":1}},"line":70},"2":{"name":"(anonymous_2)","decl":{"start":{"line":152,"column":18},"end":{"line":152,"column":19}},"loc":{"start":{"line":152,"column":44},"end":{"line":201,"column":1}},"line":152},"3":{"name":"(anonymous_3)","decl":{"start":{"line":207,"column":17},"end":{"line":207,"column":18}},"loc":{"start":{"line":207,"column":43},"end":{"line":276,"column":1}},"line":207},"4":{"name":"(anonymous_4)","decl":{"start":{"line":282,"column":17},"end":{"line":282,"column":18}},"loc":{"start":{"line":282,"column":43},"end":{"line":348,"column":1}},"line":282},"5":{"name":"(anonymous_5)","decl":{"start":{"line":354,"column":20},"end":{"line":354,"column":21}},"loc":{"start":{"line":354,"column":46},"end":{"line":408,"column":1}},"line":354},"6":{"name":"(anonymous_6)","decl":{"start":{"line":414,"column":22},"end":{"line":414,"column":23}},"loc":{"start":{"line":414,"column":48},"end":{"line":496,"column":1}},"line":414},"7":{"name":"(anonymous_7)","decl":{"start":{"line":461,"column":47},"end":{"line":461,"column":48}},"loc":{"start":{"line":461,"column":57},"end":{"line":484,"column":5}},"line":461},"8":{"name":"(anonymous_8)","decl":{"start":{"line":469,"column":26},"end":{"line":469,"column":27}},"loc":{"start":{"line":469,"column":37},"end":{"line":474,"column":7}},"line":469},"9":{"name":"(anonymous_9)","decl":{"start":{"line":476,"column":59},"end":{"line":476,"column":60}},"loc":{"start":{"line":476,"column":69},"end":{"line":476,"column":74}},"line":476}},"branchMap":{"0":{"loc":{"start":{"line":17,"column":6},"end":{"line":17,"column":16}},"type":"default-arg","locations":[{"start":{"line":17,"column":14},"end":{"line":17,"column":16}}],"line":17},"1":{"loc":{"start":{"line":18,"column":6},"end":{"line":18,"column":16}},"type":"default-arg","locations":[{"start":{"line":18,"column":15},"end":{"line":18,"column":16}}],"line":18},"2":{"loc":{"start":{"line":19,"column":6},"end":{"line":19,"column":17}},"type":"default-arg","locations":[{"start":{"line":19,"column":15},"end":{"line":19,"column":17}}],"line":19},"3":{"loc":{"start":{"line":20,"column":6},"end":{"line":20,"column":19}},"type":"default-arg","locations":[{"start":{"line":20,"column":17},"end":{"line":20,"column":19}}],"line":20},"4":{"loc":{"start":{"line":21,"column":6},"end":{"line":21,"column":16}},"type":"default-arg","locations":[{"start":{"line":21,"column":14},"end":{"line":21,"column":16}}],"line":21},"5":{"loc":{"start":{"line":22,"column":6},"end":{"line":22,"column":15}},"type":"default-arg","locations":[{"start":{"line":22,"column":13},"end":{"line":22,"column":15}}],"line":22},"6":{"loc":{"start":{"line":26,"column":32},"end":{"line":26,"column":53}},"type":"binary-expr","locations":[{"start":{"line":26,"column":32},"end":{"line":26,"column":47}},{"start":{"line":26,"column":51},"end":{"line":26,"column":53}}],"line":26},"7":{"loc":{"start":{"line":27,"column":33},"end":{"line":27,"column":54}},"type":"binary-expr","locations":[{"start":{"line":27,"column":33},"end":{"line":27,"column":49}},{"start":{"line":27,"column":53},"end":{"line":27,"column":54}}],"line":27},"8":{"loc":{"start":{"line":32,"column":4},"end":{"line":38,"column":5}},"type":"if","locations":[{"start":{"line":32,"column":4},"end":{"line":38,"column":5}},{"start":{"line":35,"column":11},"end":{"line":38,"column":5}}],"line":32},"9":{"loc":{"start":{"line":35,"column":11},"end":{"line":38,"column":5}},"type":"if","locations":[{"start":{"line":35,"column":11},"end":{"line":38,"column":5}},{"start":{},"end":{}}],"line":35},"10":{"loc":{"start":{"line":77,"column":4},"end":{"line":83,"column":5}},"type":"if","locations":[{"start":{"line":77,"column":4},"end":{"line":83,"column":5}},{"start":{},"end":{}}],"line":77},"11":{"loc":{"start":{"line":86,"column":4},"end":{"line":104,"column":5}},"type":"if","locations":[{"start":{"line":86,"column":4},"end":{"line":104,"column":5}},{"start":{"line":95,"column":11},"end":{"line":104,"column":5}}],"line":86},"12":{"loc":{"start":{"line":88,"column":6},"end":{"line":94,"column":7}},"type":"if","locations":[{"start":{"line":88,"column":6},"end":{"line":94,"column":7}},{"start":{},"end":{}}],"line":88},"13":{"loc":{"start":{"line":95,"column":11},"end":{"line":104,"column":5}},"type":"if","locations":[{"start":{"line":95,"column":11},"end":{"line":104,"column":5}},{"start":{},"end":{}}],"line":95},"14":{"loc":{"start":{"line":97,"column":6},"end":{"line":103,"column":7}},"type":"if","locations":[{"start":{"line":97,"column":6},"end":{"line":103,"column":7}},{"start":{},"end":{}}],"line":97},"15":{"loc":{"start":{"line":120,"column":4},"end":{"line":126,"column":5}},"type":"if","locations":[{"start":{"line":120,"column":4},"end":{"line":126,"column":5}},{"start":{},"end":{}}],"line":120},"16":{"loc":{"start":{"line":128,"column":4},"end":{"line":134,"column":5}},"type":"if","locations":[{"start":{"line":128,"column":4},"end":{"line":134,"column":5}},{"start":{},"end":{}}],"line":128},"17":{"loc":{"start":{"line":136,"column":4},"end":{"line":142,"column":5}},"type":"if","locations":[{"start":{"line":136,"column":4},"end":{"line":142,"column":5}},{"start":{},"end":{}}],"line":136},"18":{"loc":{"start":{"line":158,"column":4},"end":{"line":164,"column":5}},"type":"if","locations":[{"start":{"line":158,"column":4},"end":{"line":164,"column":5}},{"start":{},"end":{}}],"line":158},"19":{"loc":{"start":{"line":167,"column":4},"end":{"line":185,"column":5}},"type":"if","locations":[{"start":{"line":167,"column":4},"end":{"line":185,"column":5}},{"start":{"line":176,"column":11},"end":{"line":185,"column":5}}],"line":167},"20":{"loc":{"start":{"line":169,"column":6},"end":{"line":175,"column":7}},"type":"if","locations":[{"start":{"line":169,"column":6},"end":{"line":175,"column":7}},{"start":{},"end":{}}],"line":169},"21":{"loc":{"start":{"line":176,"column":11},"end":{"line":185,"column":5}},"type":"if","locations":[{"start":{"line":176,"column":11},"end":{"line":185,"column":5}},{"start":{},"end":{}}],"line":176},"22":{"loc":{"start":{"line":178,"column":6},"end":{"line":184,"column":7}},"type":"if","locations":[{"start":{"line":178,"column":6},"end":{"line":184,"column":7}},{"start":{},"end":{}}],"line":178},"23":{"loc":{"start":{"line":215,"column":4},"end":{"line":221,"column":5}},"type":"if","locations":[{"start":{"line":215,"column":4},"end":{"line":221,"column":5}},{"start":{},"end":{}}],"line":215},"24":{"loc":{"start":{"line":224,"column":4},"end":{"line":242,"column":5}},"type":"if","locations":[{"start":{"line":224,"column":4},"end":{"line":242,"column":5}},{"start":{"line":233,"column":11},"end":{"line":242,"column":5}}],"line":224},"25":{"loc":{"start":{"line":226,"column":6},"end":{"line":232,"column":7}},"type":"if","locations":[{"start":{"line":226,"column":6},"end":{"line":232,"column":7}},{"start":{},"end":{}}],"line":226},"26":{"loc":{"start":{"line":233,"column":11},"end":{"line":242,"column":5}},"type":"if","locations":[{"start":{"line":233,"column":11},"end":{"line":242,"column":5}},{"start":{},"end":{}}],"line":233},"27":{"loc":{"start":{"line":235,"column":6},"end":{"line":241,"column":7}},"type":"if","locations":[{"start":{"line":235,"column":6},"end":{"line":241,"column":7}},{"start":{},"end":{}}],"line":235},"28":{"loc":{"start":{"line":258,"column":4},"end":{"line":264,"column":5}},"type":"if","locations":[{"start":{"line":258,"column":4},"end":{"line":264,"column":5}},{"start":{},"end":{}}],"line":258},"29":{"loc":{"start":{"line":266,"column":4},"end":{"line":272,"column":5}},"type":"if","locations":[{"start":{"line":266,"column":4},"end":{"line":272,"column":5}},{"start":{},"end":{}}],"line":266},"30":{"loc":{"start":{"line":289,"column":4},"end":{"line":295,"column":5}},"type":"if","locations":[{"start":{"line":289,"column":4},"end":{"line":295,"column":5}},{"start":{},"end":{}}],"line":289},"31":{"loc":{"start":{"line":298,"column":4},"end":{"line":304,"column":5}},"type":"if","locations":[{"start":{"line":298,"column":4},"end":{"line":304,"column":5}},{"start":{},"end":{}}],"line":298},"32":{"loc":{"start":{"line":306,"column":4},"end":{"line":324,"column":5}},"type":"if","locations":[{"start":{"line":306,"column":4},"end":{"line":324,"column":5}},{"start":{"line":315,"column":11},"end":{"line":324,"column":5}}],"line":306},"33":{"loc":{"start":{"line":308,"column":6},"end":{"line":314,"column":7}},"type":"if","locations":[{"start":{"line":308,"column":6},"end":{"line":314,"column":7}},{"start":{},"end":{}}],"line":308},"34":{"loc":{"start":{"line":315,"column":11},"end":{"line":324,"column":5}},"type":"if","locations":[{"start":{"line":315,"column":11},"end":{"line":324,"column":5}},{"start":{},"end":{}}],"line":315},"35":{"loc":{"start":{"line":317,"column":6},"end":{"line":323,"column":7}},"type":"if","locations":[{"start":{"line":317,"column":6},"end":{"line":323,"column":7}},{"start":{},"end":{}}],"line":317},"36":{"loc":{"start":{"line":317,"column":10},"end":{"line":317,"column":77}},"type":"binary-expr","locations":[{"start":{"line":317,"column":10},"end":{"line":317,"column":50}},{"start":{"line":317,"column":54},"end":{"line":317,"column":77}}],"line":317},"37":{"loc":{"start":{"line":338,"column":4},"end":{"line":344,"column":5}},"type":"if","locations":[{"start":{"line":338,"column":4},"end":{"line":344,"column":5}},{"start":{},"end":{}}],"line":338},"38":{"loc":{"start":{"line":361,"column":4},"end":{"line":367,"column":5}},"type":"if","locations":[{"start":{"line":361,"column":4},"end":{"line":367,"column":5}},{"start":{},"end":{}}],"line":361},"39":{"loc":{"start":{"line":370,"column":4},"end":{"line":386,"column":5}},"type":"if","locations":[{"start":{"line":370,"column":4},"end":{"line":386,"column":5}},{"start":{"line":378,"column":11},"end":{"line":386,"column":5}}],"line":370},"40":{"loc":{"start":{"line":371,"column":6},"end":{"line":377,"column":7}},"type":"if","locations":[{"start":{"line":371,"column":6},"end":{"line":377,"column":7}},{"start":{},"end":{}}],"line":371},"41":{"loc":{"start":{"line":378,"column":11},"end":{"line":386,"column":5}},"type":"if","locations":[{"start":{"line":378,"column":11},"end":{"line":386,"column":5}},{"start":{},"end":{}}],"line":378},"42":{"loc":{"start":{"line":379,"column":6},"end":{"line":385,"column":7}},"type":"if","locations":[{"start":{"line":379,"column":6},"end":{"line":385,"column":7}},{"start":{},"end":{}}],"line":379},"43":{"loc":{"start":{"line":421,"column":4},"end":{"line":427,"column":5}},"type":"if","locations":[{"start":{"line":421,"column":4},"end":{"line":427,"column":5}},{"start":{},"end":{}}],"line":421},"44":{"loc":{"start":{"line":430,"column":4},"end":{"line":446,"column":5}},"type":"if","locations":[{"start":{"line":430,"column":4},"end":{"line":446,"column":5}},{"start":{"line":438,"column":11},"end":{"line":446,"column":5}}],"line":430},"45":{"loc":{"start":{"line":431,"column":6},"end":{"line":437,"column":7}},"type":"if","locations":[{"start":{"line":431,"column":6},"end":{"line":437,"column":7}},{"start":{},"end":{}}],"line":431},"46":{"loc":{"start":{"line":438,"column":11},"end":{"line":446,"column":5}},"type":"if","locations":[{"start":{"line":438,"column":11},"end":{"line":446,"column":5}},{"start":{},"end":{}}],"line":438},"47":{"loc":{"start":{"line":439,"column":6},"end":{"line":445,"column":7}},"type":"if","locations":[{"start":{"line":439,"column":6},"end":{"line":445,"column":7}},{"start":{},"end":{}}],"line":439},"48":{"loc":{"start":{"line":470,"column":23},"end":{"line":470,"column":59}},"type":"binary-expr","locations":[{"start":{"line":470,"column":23},"end":{"line":470,"column":46}},{"start":{"line":470,"column":50},"end":{"line":470,"column":59}
[...]
start":{"line":43,"column":19},"end":{"line":49,"column":5}},"14":{"start":{"line":51,"column":4},"end":{"line":53,"column":5}},"15":{"start":{"line":52,"column":6},"end":{"line":52,"column":18}},"16":{"start":{"line":55,"column":4},"end":{"line":55,"column":26}},"17":{"start":{"line":57,"column":4},"end":{"line":57,"column":56}},"18":{"start":{"line":58,"column":4},"end":{"line":58,"column":16}},"19":{"start":{"line":67,"column":0},"end":{"line":78,"column":2}},"20":{"start":{"line":68,"column":2},"end":{"line":77,"column":3}},"21":{"start":{"line":69,"column":19},"end":{"line":72,"column":5}},"22":{"start":{"line":73,"column":4},"end":{"line":73,"column":34}},"23":{"start":{"line":75,"column":4},"end":{"line":75,"column":58}},"24":{"start":{"line":76,"column":4},"end":{"line":76,"column":16}},"25":{"start":{"line":86,"column":0},"end":{"line":143,"column":2}},"26":{"start":{"line":87,"column":2},"end":{"line":142,"column":3}},"27":{"start":{"line":88,"column":39},"end":{"line":88,"column":46}},"28":{"start":{"line":89,"column":39},"end":{"line":89,"column":49}},"29":{"start":{"line":92,"column":26},"end":{"line":92,"column":48}},"30":{"start":{"line":93,"column":17},"end":{"line":93,"column":19}},"31":{"start":{"line":94,"column":21},"end":{"line":94,"column":22}},"32":{"start":{"line":97,"column":4},"end":{"line":103,"column":5}},"33":{"start":{"line":98,"column":6},"end":{"line":100,"column":8}},"34":{"start":{"line":101,"column":6},"end":{"line":101,"column":33}},"35":{"start":{"line":102,"column":6},"end":{"line":102,"column":19}},"36":{"start":{"line":106,"column":4},"end":{"line":110,"column":5}},"37":{"start":{"line":107,"column":6},"end":{"line":107,"column":52}},"38":{"start":{"line":108,"column":6},"end":{"line":108,"column":24}},"39":{"start":{"line":109,"column":6},"end":{"line":109,"column":19}},"40":{"start":{"line":112,"column":24},"end":{"line":112,"column":53}},"41":{"start":{"line":115,"column":24},"end":{"line":118,"column":5}},"42":{"start":{"line":119,"column":18},"end":{"line":119,"column":57}},"43":{"start":{"line":122,"column":4},"end":{"line":122,"column":23}},"44":{"start":{"line":123,"column":4},"end":{"line":123,"column":24}},"45":{"start":{"line":125,"column":19},"end":{"line":133,"column":5}},"46":{"start":{"line":135,"column":4},"end":{"line":138,"column":6}},"47":{"start":{"line":140,"column":4},"end":{"line":140,"column":48}},"48":{"start":{"line":141,"column":4},"end":{"line":141,"column":16}},"49":{"start":{"line":150,"column":0},"end":{"line":217,"column":2}},"50":{"start":{"line":151,"column":17},"end":{"line":151,"column":37}},"51":{"start":{"line":153,"column":2},"end":{"line":216,"column":3}},"52":{"start":{"line":154,"column":4},"end":{"line":154,"column":32}},"53":{"start":{"line":163,"column":8},"end":{"line":163,"column":16}},"54":{"start":{"line":166,"column":25},"end":{"line":169,"column":5}},"55":{"start":{"line":171,"column":4},"end":{"line":177,"column":5}},"56":{"start":{"line":172,"column":6},"end":{"line":176,"column":8}},"57":{"start":{"line":180,"column":25},"end":{"line":180,"column":65}},"58":{"start":{"line":183,"column":19},"end":{"line":196,"column":5}},"59":{"start":{"line":199,"column":4},"end":{"line":203,"column":6}},"60":{"start":{"line":205,"column":4},"end":{"line":205,"column":33}},"61":{"start":{"line":207,"column":4},"end":{"line":207,"column":65}},"62":{"start":{"line":209,"column":4},"end":{"line":209,"column":26}},"63":{"start":{"line":211,"column":4},"end":{"line":211,"column":35}},"64":{"start":{"line":212,"column":4},"end":{"line":212,"column":48}},"65":{"start":{"line":213,"column":4},"end":{"line":213,"column":16}},"66":{"start":{"line":215,"column":4},"end":{"line":215,"column":21}},"67":{"start":{"line":226,"column":0},"end":{"line":330,"column":2}},"68":{"start":{"line":227,"column":17},"end":{"line":227,"column":37}},"69":{"start":{"line":229,"column":2},"end":{"line":329,"column":3}},"70":{"start":{"line":230,"column":4},"end":{"line":230,"column":32}},"71":{"start":{"line":232,"column":42},"end":{"line":232,"column":52}},"72":{"start":{"line":235,"column":4},"end":{"line":262,"column":5}},"73":{"start":{"line":236,"column":25},"end":{"line":239,"column":7}},"74":{"start":{"line":241,"column":6},"end":{"line":247,"column":7}},"75":{"start":{"line":242,"column":8},"end":{"line":246,"column":10}},"76":{"start":{"line":250,"column":28},"end":{"line":253,"column":7}},"77":{"start":{"line":255,"column":6},"end":{"line":261,"column":7}},"78":{"start":{"line":256,"column":8},"end":{"line":260,"column":10}},"79":{"start":{"line":265,"column":25},"end":{"line":265,"column":27}},"80":{"start":{"line":266,"column":19},"end":{"line":266,"column":21}},"81":{"start":{"line":267,"column":21},"end":{"line":267,"column":22}},"82":{"start":{"line":269,"column":4},"end":{"line":273,"column":5}},"83":{"start":{"line":270,"column":6},"end":{"line":270,"column":49}},"84":{"start":{"line":271,"column":6},"end":{"line":271,"column":24}},"85":{"start":{"line":272,"column":6},"end":{"line":272,"column":19}},"86":{"start":{"line":275,"column":4},"end":{"line":279,"column":5}},"87":{"start":{"line":276,"column":6},"end":{"line":276,"column":50}},"88":{"start":{"line":277,"column":6},"end":{"line":277,"column":25}},"89":{"start":{"line":278,"column":6},"end":{"line":278,"column":19}},"90":{"start":{"line":281,"column":4},"end":{"line":286,"column":5}},"91":{"start":{"line":282,"column":29},"end":{"line":282,"column":73}},"92":{"start":{"line":283,"column":6},"end":{"line":283,"column":58}},"93":{"start":{"line":284,"column":6},"end":{"line":284,"column":34}},"94":{"start":{"line":285,"column":6},"end":{"line":285,"column":19}},"95":{"start":{"line":289,"column":4},"end":{"line":289,"column":56}},"96":{"start":{"line":292,"column":4},"end":{"line":292,"column":24}},"97":{"start":{"line":295,"column":19},"end":{"line":301,"column":5}},"98":{"start":{"line":303,"column":4},"end":{"line":309,"column":5}},"99":{"start":{"line":304,"column":6},"end":{"line":308,"column":8}},"100":{"start":{"line":312,"column":4},"end":{"line":316,"column":6}},"101":{"start":{"line":318,"column":4},"end":{"line":318,"column":33}},"102":{"start":{"line":320,"column":4},"end":{"line":320,"column":43}},"103":{"start":{"line":322,"column":4},"end":{"line":322,"column":26}},"104":{"start":{"line":324,"column":4},"end":{"line":324,"column":35}},"105":{"start":{"line":325,"column":4},"end":{"line":325,"column":48}},"106":{"start":{"line":326,"column":4},"end":{"line":326,"column":16}},"107":{"start":{"line":328,"column":4},"end":{"line":328,"column":21}},"108":{"start":{"line":337,"column":0},"end":{"line":382,"column":2}},"109":{"start":{"line":338,"column":17},"end":{"line":338,"column":37}},"110":{"start":{"line":340,"column":2},"end":{"line":381,"column":3}},"111":{"start":{"line":341,"column":4},"end":{"line":341,"column":32}},"112":{"start":{"line":344,"column":23},"end":{"line":347,"column":5}},"113":{"start":{"line":349,"column":4},"end":{"line":355,"column":5}},"114":{"start":{"line":350,"column":6},"end":{"line":354,"column":8}},"115":{"start":{"line":358,"column":4},"end":{"line":361,"column":6}},"116":{"start":{"line":364,"column":4},"end":{"line":368,"column":6}},"117":{"start":{"line":370,"column":4},"end":{"line":370,"column":33}},"118":{"start":{"line":372,"column":4},"end":{"line":372,"column":43}},"119":{"start":{"line":374,"column":4},"end":{"line":374,"column":16}},"120":{"start":{"line":376,"column":4},"end":{"line":376,"column":35}},"121":{"start":{"line":377,"column":4},"end":{"line":377,"column":48}},"122":{"start":{"line":378,"column":4},"end":{"line":378,"column":16}},"123":{"start":{"line":380,"column":4},"end":{"line":380,"column":21}},"124":{"start":{"line":389,"column":0},"end":{"line":416,"column":2}},"125":{"start":{"line":390,"column":17},"end":{"line":390,"column":37}},"126":{"start":{"line":392,"column":2},"end":{"line":415,"column":3}},"127":{"start":{"line":393,"column":19},"end":{"line":399,"column":5}},"128":{"start":{"line":401,"column":4},"end":{"line":407,"column":5}},"129":{"start":{"line":402,"column":6},"end":{"line":406,"column":8}},"130":{"start":{"line":409,"column":4},"end":{"line":409,"column":47}},"131":{"start":{"line":411,"column":4},"end":{"line":411,"column":26}},"132":{"start":{"line":413,"column":4},"end":{"line":413,"column":52}},"133":{"start":{"line":414,"column":4},"end":{"line":414,"column":16}},"134":{"start":{"line":423,"column":0},"end":{"line":450,"column":2}},"135":{"start":{"line":424,"column":17},"end":{"line":424,"column":37}},"136":{"start":{"line":426,"column":2},"end":{"line":449,"column":3}},"137":{"start":{"line":427,"column":19},"end":{"line":433,"column":5}},"138":{"start":{"line":435,"column":4},"end":{"line":441,"column":5}},"139":{"start":{"line":436,"column":6},"end":{"line":440,"column":8}},"140":{"start":{"line":443,"column":4},"end":{"line":443,"column":45}},"141":{"start":{"line":445,"column":4},"end":{"line":445,"column":26}},"142":{"start":{"line":447,"column":4},"end":{"line":447,"column":50}},"143":{"start":{"line":448,"column":4},"end":{"line":448,"column":16}}},"fnMap":{"0":{"name":"(anonymous_0)","decl":{"start":{"line":15,"column":22},"end":{"line":15,"column":23}},"loc":{"start":{"line":15,"column":40},"end":{"line":34,"column":1}},"line":15},"1":{"name":"(anonymous_1)","decl":{"start":{"line":41,"column":25},"end":{"line":41,"column":26}},"loc":{"start":{"line":41,"column":42},"end":{"line":60,"column":1}},"line":41},"2":{"name":"(anonymous_2)","decl":{"start":{"line":67,"column":23},"end":{"line":67,"column":24}},"loc":{"start":{"line":67,"column":40},"end":{"line":78,"column":1}},"line":67},"3":{"name":"(anonymous_3)","decl":{"start":{"line":86,"column":20},"end":{"line":86,"column":21}},"loc":{"start":{"line":86,"column":61},"end":{"line":143,"column":1}},"line":86},"4":{"name":"(anonymous_4)","decl":{"start":{"line":150,"column":21},"end":{"line":150,"column":22}},"loc":{"start":{"line":150,"column":41},"end":{"line":217,"column":1}},"line":150},"5":{"name":"(anonymous_5)","decl":{"start":{"line":226,"column":21},"end":{"line":226,"column":22}},"loc":{"start":{"line":226,"column":75},"end":{"line":330,"column":1}},"line":226},"6":{"name":"(anonymous_6)","decl":{"start":{"line":337,"column":21},"end":{"line":337,"column":22}},"loc":{"start":{"line":337,"column":39},"end":{"line":382,"column":1}},"line":337},"7":{"name":"(anonymous_7)","decl":{"start":{"line":389,"column":25},"end":{"line":389,"column":26}},"loc":{"start":{"line":389,"column":43},"end":{"line":416,"column":1}},"line":389},"8":{"name":"(anonymous_8)","decl":{"start":{"line":423,"column":23},"end":{"line":423,"column":24}},"loc":{"start":{"line":423,"column":41},"end":{"line":450,"column":1}},"line":423}},"branchMap":{"0":{"loc":{"start":{"line":25,"column":4},"end":{"line":27,"column":5}},"type":"if","locations":[{"start":{"line":25,"column":4},"end":{"line":27,"column":5}},{"start":{},"end":{}}],"line":25},"1":{"loc":{"start":{"line":51,"column":4},"end":{"line":53,"column":5}},"type":"if","locations":[{"start":{"line":51,"column":4},"end":{"line":53,"column":5}},{"start":{},"end":{}}],"line":51},"2":{"loc":{"start":{"line":86,"column":27},"end":{"line":86,"column":39}},"type":"default-arg","locations":[{"start":{"line":86,"column":37},"end":{"line":86,"column":39}}],"line":86},"3":{"loc":{"start":{"line":86,"column":41},"end":{"line":86,"column":56}},"type":"default-arg","locations":[{"start":{"line":86,"column":54},"end":{"line":86,"column":56}}],"line":86},"4":{"loc":{"start":{"line":88,"column":12},"end":{"line":88,"column":23}},"type":"default-arg","locations":[{"start":{"line":88,"column":21},"end":{"line":88,"column":23}}],"line":88},"5":{"loc":{"start":{"line":88,"column":25},"end":{"line":88,"column":34}},"type":"default-arg","locations":[{"start":{"line":88,"column":32},"end":{"line":88,"column":34}}],"line":88},"6":{"loc":{"start":{"line":89,"column":12},"end":{"line":89,"column":22}},"type":"default-arg","locations":[{"start":{"line":89,"column":20},"end":{"line":89,"column":22}}],"line":89},"7":{"loc":{"start":{"line":89,"column":24},"end":{"line":89,"column":34}},"type":"default-arg","locations":[{"start":{"line":89,"column":33},"end":{"line":89,"column":34}}],"line":89},"8":{"loc":{"start":{"line":97,"column":4},"end":{"line":103,"column":5}},"type":"if","locations":[{"start":{"line":97,"column":4},"end":{"line":103,"column":5}},{"start":{},"end":{}}],"line":97},"9":{"loc":{"start":{"line":106,"column":4},"end":{"line":110,"column":5}},"type":"if","locations":[{"start":{"line":106,"column":4},"end":{"line":110,"column":5}},{"start":{},"end":{}}],"line":106},"10":{"loc":{"start":{"line":106,"column":8},"end":{"line":106,"column":74}},"type":"binary-expr","locations":[{"start":{"line":106,"column":8},"end":{"line":106,"column":12}},{"start":{"line":106,"column":16},"end":{"line":106,"column":74}}],"line":106},"11":{"loc":{"start":{"line":162,"column":6},"end":{"line":162,"column":16}},"type":"default-arg","locations":[{"start":{"line":162,"column":14},"end":{"line":162,"column":16}}],"line":162},"12":{"loc":{"start":{"line":171,"column":4},"end":{"line":177,"column":5}},"type":"if","locations":[{"start":{"line":171,"column":4},"end":{"line":177,"column":5}},{"start":{},"end":{}}],"line":171},"13":{"loc":{"start":{"line":226,"column":48},"end":{"line":226,"column":70}},"type":"default-arg","locations":[{"start":{"line":226,"column":66},"end":{"line":226,"column":70}}],"line":226},"14":{"loc":{"start":{"line":235,"column":4},"end":{"line":262,"column":5}},"type":"if","locations":[{"start":{"line":235,"column":4},"end":{"line":262,"column":5}},{"start":{},"end":{}}],"line":235},"15":{"loc":{"start":{"line":241,"column":6},"end":{"line":247,"column":7}},"type":"if","locations":[{"start":{"line":241,"column":6},"end":{"line":247,"column":7}},{"start":{},"end":{}}],"line":241},"16":{"loc":{"start":{"line":255,"column":6},"end":{"line":261,"column":7}},"type":"if","locations":[{"start":{"line":255,"column":6},"end":{"line":261,"column":7}},{"start":{},"end":{}}],"line":255},"17":{"loc":{"start":{"line":269,"column":4},"end":{"line":273,"column":5}},"type":"if","locations":[{"start":{"line":269,"column":4},"end":{"line":273,"column":5}},{"start":{},"end":{}}],"line":269},"18":{"loc":{"start":{"line":275,"column":4},"end":{"line":279,"column":5}},"type":"if","locations":[{"start":{"line":275,"column":4},"end":{"line":279,"column":5}},{"start":{},"end":{}}],"line":275},"19":{"loc":{"start":{"line":281,"column":4},"end":{"line":286,"column":5}},"type":"if","locations":[{"start":{"line":281,"column":4},"end":{"line":286,"column":5}},{"start":{},"end":{}}],"line":281},"20":{"loc":{"start":{"line":303,"column":4},"end":{"line":309,"column":5}},"type":"if","locations":[{"start":{"line":303,"column":4},"end":{"line":309,"column":5}},{"start":{},"end":{}}],"line":303},"21":{"loc":{"start":{"line":349,"column":4},"end":{"line":355,"column":5}},"type":"if","locations":[{"start":{"line":349,"column":4},"end":{"line":355,"column":5}},{"start":{},"end":{}}],"line":349},"22":{"loc":{"start":{"line":401,"column":4},"end":{"line":407,"column":5}},"type":"if","locations":[{"start":{"line":401,"column":4},"end":{"line":407,"column":5}},{"start":{},"end":{}}],"line":401},"23":{"loc":{"start":{"line":435,"column":4},"end":{"line":441,"column":5}},"type":"if","locations":[{"start":{"line":435,"column":4},"end":{"line":441,"column":5}},{"start":{},"end":{}}],"line":435}},"s":{"0":0,"1":0,"2":0,"3":0,"4":0,"5":0,"6":0,"7":0,"8":0,"9":0,"10":0,"11":0,"12":0,"13":0,"14":0,"15":0,"16":0,"17":0,"18":0,"19":0,"20":0,"21":0,"22":0,"23":0,"24":0,"25":0,"26":0,"27":0,"28":0,"29":0,"30":0,"31":0,"32":0,"33":0,"34":0,"35":0,"36":0,"37":0,"38":0,"39":0,"40":0,"41":0,"42":0,"43":0,"44":0,"45":0,"46":0,"47":0,"48":0,"49":0,"50":0,"51":0,"52":0,"53":0,"54":0,"55":0,"56":0,"57":0,"58":0,"59":0,"60":0,"61":0,"62":0,"63":0,"64":0,"65":0,"66":0,"67":0,"68":0,"69":0,"70":0,"71":0,"72":0,"73":0,"74":0,"75":0,"76":0,"77":0,"78":0,"79":0,"80":0,"81":0,"82":0,"83":0,"84":0,"85":0,"86":0,"87":0,"88":0,"89":0,"90":0,"91":0,"92":0,"93":0,"94":0,"95":0,"96":0,"97":0,"98":0,"99":0,"100":0,"101":0,"102":0,"103":0,"104":0,"105":0,"106":0,"107":0,"108":0,"109":0,"110":0,"111":0,"112":0,"113":0,"114":0,"115":0,"116":0,"117":0,"118":0,"119":0,"120":0,"121":0,"122":0,"123":0,"124":0,"125":0,"126":0,"127":0,"128":0,"129":0,"130":0,"131":0,"132":0,"133":0,"134":0,"135":0,"136":0,"137":0,"138":0,"139":0,"140":0,"141":0,"142":0,"143":0},"f":{"0":0,"1":0,"2":0,"3":0,"4":0,"5":0,"6":0,"7":0,"8":0},"b":{"0":[0,0],"1":[0,0],"2":[0],"3":[0],"4":[0],"5":[0],"6":[0],"7":[0],"8":[0,0],"9":[0,0],"10":[0,0],"11":[0],"12":[0,0],"13":[0],"14":[0,0],"15":[0,0],"16":[0,0],"17":[0,0],"18":[0,0],"19":[0,0],"20":[0,0],"21":[0,0],"22":[0,0],"23":[0,0]}}
,"D:\\Project\\QLHS\\backend\\src\\utils\\logger.js": {"path":"D:\\Project\\QLHS\\backend\\src\\utils\\logger.js","statementMap":{"0":{"start":{"line":1,"column":16},"end":{"line":1,"column":34}},"1":{"start":{"line":2,"column":13},"end":{"line":2,"column":28}},"2":{"start":{"line":4,"column":15},"end":{"line":4,"column":46}},"3":{"start":{"line":6,"column":15},"end":{"line":37,"column":2}},"4":{"start":{"line":23,"column":12},"end":{"line":23,"column":48}},"5":{"start":{"line":40,"column":0},"end":{"line":42,"column":3}},"6":{"start":{"line":41,"column":2},"end":{"line":41,"column":40}},"7":{"start":{"line":44,"column":0},"end":{"line":44,"column":24}}},"fnMap":{"0":{"name":"(anonymous_0)","decl":{"start":{"line":22,"column":10},"end":{"line":22,"column":11}},"loc":{"start":{"line":23,"column":12},"end":{"line":23,"column":48}},"line":23},"1":{"name":"(anonymous_1)","decl":{"start":{"line":40,"column":19},"end":{"line":40,"column":20}},"loc":{"start":{"line":40,"column":30},"end":{"line":42,"column":1}},"line":40}},"branchMap":{"0":{"loc":{"start":{"line":4,"column":15},"end":{"line":4,"column":46}},"type":"binary-expr","locations":[{"start":{"line":4,"column":15},"end":{"line":4,"column":34}},{"start":{"line":4,"column":38},"end":{"line":4,"column":46}}],"line":4},"1":{"loc":{"start":{"line":7,"column":9},"end":{"line":7,"column":41}},"type":"binary-expr","locations":[{"start":{"line":7,"column":9},"end":{"line":7,"column":30}},{"start":{"line":7,"column":34},"end":{"line":7,"column":41}}],"line":7},"2":{"loc":{"start":{"line":11,"column":4},"end":{"line":13,"column":31}},"type":"cond-expr","locations":[{"start":{"line":12,"column":8},"end":{"line":12,"column":29}},{"start":{"line":13,"column":8},"end":{"line":13,"column":31}}],"line":11}},"s":{"0":0,"1":0,"2":0,"3":0,"4":0,"5":0,"6":0,"7":0},"f":{"0":0,"1":0},"b":{"0":[0,0],"1":[0,0],"2":[0,0]}}
,"D:\\Project\\QLHS\\backend\\src\\utils\\validators.js": {"path":"D:\\Project\\QLHS\\backend\\src\\utils\\validators.js","statementMap":{"0":{"start":{"line":1,"column":12},"end":{"line":1,"column":26}},"1":{"start":{"line":11,"column":0},"end":{"line":23,"column":18}},"2":{"start":{"line":25,"column":0},"end":{"line":29,"column":18}},"3":{"start":{"line":31,"column":0},"end":{"line":42,"column":5}},"4":{"start":{"line":47,"column":0},"end":{"line":58,"column":18}},"5":{"start":{"line":60,"column":0},"end":{"line":71,"column":18}},"6":{"start":{"line":76,"column":0},"end":{"line":83,"column":18}},"7":{"start":{"line":85,"column":0},"end":{"line":90,"column":18}},"8":{"start":{"line":95,"column":0},"end":{"line":104,"column":18}},"9":{"start":{"line":106,"column":0},"end":{"line":110,"column":18}},"10":{"start":{"line":115,"column":0},"end":{"line":122,"column":18}},"11":{"start":{"line":127,"column":0},"end":{"line":139,"column":18}},"12":{"start":{"line":144,"column":0},"end":{"line":149,"column":18}},"13":{"start":{"line":151,"column":0},"end":{"line":160,"column":18}}},"fnMap":{},"branchMap":{},"s":{"0":0,"1":0,"2":0,"3":0,"4":0,"5":0,"6":0,"7":0,"8":0,"9":0,"10":0,"11":0,"12":0,"13":0},"f":{},"b":{}}
}
