TN:
SF:src\app.js
FNF:0
FNH:0
DA:6,0
LF:1
LH:0
BRF:0
BRH:0
end_of_record
TN:
SF:src\controllers\analyticsController.js
FN:16,(anonymous_0)
FN:55,(anonymous_1)
FN:102,(anonymous_2)
FN:179,(anonymous_3)
FNF:4
FNH:0
FNDA:0,(anonymous_0)
FNDA:0,(anonymous_1)
FNDA:0,(anonymous_2)
FNDA:0,(anonymous_3)
DA:1,0
DA:2,0
DA:16,0
DA:17,0
DA:18,0
DA:19,0
DA:22,0
DA:23,0
DA:30,0
DA:32,0
DA:37,0
DA:43,0
DA:44,0
DA:55,0
DA:56,0
DA:57,0
DA:58,0
DA:59,0
DA:67,0
DA:71,0
DA:76,0
DA:82,0
DA:84,0
DA:85,0
DA:91,0
DA:102,0
DA:103,0
DA:104,0
DA:105,0
DA:106,0
DA:109,0
DA:110,0
DA:117,0
DA:118,0
DA:125,0
DA:126,0
DA:127,0
DA:135,0
DA:136,0
DA:137,0
DA:138,0
DA:139,0
DA:148,0
DA:154,0
DA:161,0
DA:167,0
DA:168,0
DA:179,0
DA:180,0
DA:181,0
DA:182,0
DA:183,0
DA:186,0
DA:187,0
DA:194,0
DA:213,0
DA:214,0
DA:215,0
DA:216,0
DA:218,0
DA:219,0
DA:225,0
DA:227,0
DA:232,0
DA:255,0
DA:258,0
DA:260,0
DA:261,0
DA:267,0
LF:69
LH:0
BRDA:22,0,0,0
BRDA:22,0,1,0
BRDA:22,1,0,0
BRDA:22,1,1,0
BRDA:84,2,0,0
BRDA:84,2,1,0
BRDA:109,3,0,0
BRDA:109,3,1,0
BRDA:109,4,0,0
BRDA:109,4,1,0
BRDA:117,5,0,0
BRDA:117,5,1,0
BRDA:126,6,0,0
BRDA:126,6,1,0
BRDA:126,7,0,0
BRDA:126,7,1,0
BRDA:126,7,2,0
BRDA:136,8,0,0
BRDA:136,8,1,0
BRDA:138,9,0,0
BRDA:138,9,1,0
BRDA:138,10,0,0
BRDA:138,10,1,0
BRDA:138,10,2,0
BRDA:186,11,0,0
BRDA:186,11,1,0
BRDA:186,12,0,0
BRDA:186,12,1,0
BRDA:218,13,0,0
BRDA:218,13,1,0
BRDA:241,14,0,0
BRDA:241,14,1,0
BRDA:245,15,0,0
BRDA:245,15,1,0
BRDA:260,16,0,0
BRDA:260,16,1,0
BRF:36
BRH:0
end_of_record
TN:
SF:src\controllers\authController.js
FN:13,(anonymous_0)
FN:107,(anonymous_1)
FN:191,(anonymous_2)
FNF:3
FNH:0
FNDA:0,(anonymous_0)
FNDA:0,(anonymous_1)
FNDA:0,(anonymous_2)
DA:1,0
DA:2,0
DA:3,0
DA:13,0
DA:14,0
DA:15,0
DA:18,0
DA:25,0
DA:26,0
DA:27,0
DA:34,0
DA:37,0
DA:38,0
DA:39,0
DA:47,0
DA:52,0
DA:53,0
DA:54,0
DA:62,0
DA:70,0
DA:76,0
DA:79,0
DA:98,0
DA:99,0
DA:107,0
DA:108,0
DA:109,0
DA:111,0
DA:112,0
DA:121,0
DA:122,0
DA:127,0
DA:128,0
DA:136,0
DA:143,0
DA:144,0
DA:151,0
DA:154,0
DA:162,0
DA:168,0
DA:170,0
DA:182,0
DA:183,0
DA:191,0
DA:192,0
DA:193,0
DA:195,0
DA:197,0
DA:203,0
DA:206,0
DA:212,0
DA:213,0
LF:52
LH:0
BRDA:25,0,0,0
BRDA:25,0,1,0
BRDA:37,1,0,0
BRDA:37,1,1,0
BRDA:52,2,0,0
BRDA:52,2,1,0
BRDA:111,3,0,0
BRDA:111,3,1,0
BRDA:143,4,0,0
BRDA:143,4,1,0
BRDA:143,5,0,0
BRDA:143,5,1,0
BRDA:195,6,0,0
BRDA:195,6,1,0
BRF:14
BRH:0
end_of_record
TN:
SF:src\controllers\childrenController.js
FN:13,(anonymous_0)
FN:69,(anonymous_1)
FN:114,(anonymous_2)
FN:159,(anonymous_3)
FN:235,(anonymous_4)
FN:289,(anonymous_5)
FNF:6
FNH:0
FNDA:0,(anonymous_0)
FNDA:0,(anonymous_1)
FNDA:0,(anonymous_2)
FNDA:0,(anonymous_3)
FNDA:0,(anonymous_4)
FNDA:0,(anonymous_5)
DA:1,0
DA:2,0
DA:13,0
DA:14,0
DA:22,0
DA:25,0
DA:26,0
DA:29,0
DA:31,0
DA:33,0
DA:34,0
DA:36,0
DA:39,0
DA:44,0
DA:46,0
DA:60,0
DA:61,0
DA:69,0
DA:70,0
DA:71,0
DA:73,0
DA:75,0
DA:76,0
DA:84,0
DA:89,0
DA:96,0
DA:98,0
DA:105,0
DA:106,0
DA:114,0
DA:115,0
DA:116,0
DA:119,0
DA:120,0
DA:121,0
DA:129,0
DA:131,0
DA:133,0
DA:140,0
DA:143,0
DA:144,0
DA:151,0
DA:159,0
DA:160,0
DA:161,0
DA:162,0
DA:165,0
DA:167,0
DA:168,0
DA:176,0
DA:180,0
DA:187,0
DA:188,0
DA:189,0
DA:197,0
DA:199,0
DA:201,0
DA:208,0
DA:211,0
DA:212,0
DA:219,0
DA:220,0
DA:227,0
DA:235,0
DA:236,0
DA:237,0
DA:240,0
DA:242,0
DA:243,0
DA:251,0
DA:252,0
DA:253,0
DA:261,0
DA:263,0
DA:265,0
DA:271,0
DA:273,0
DA:274,0
DA:281,0
DA:289,0
DA:290,0
DA:291,0
DA:294,0
DA:296,0
DA:297,0
DA:305,0
DA:309,0
DA:318,0
DA:336,0
DA:343,0
DA:344,0
LF:91
LH:0
BRDA:16,0,0,0
BRDA:17,1,0,0
BRDA:18,2,0,0
BRDA:19,3,0,0
BRDA:20,4,0,0
BRDA:21,5,0,0
BRDA:25,6,0,0
BRDA:25,6,1,0
BRDA:26,7,0,0
BRDA:26,7,1,0
BRDA:31,8,0,0
BRDA:31,8,1,0
BRDA:34,9,0,0
BRDA:34,9,1,0
BRDA:75,10,0,0
BRDA:75,10,1,0
BRDA:84,11,0,0
BRDA:84,11,1,0
BRDA:85,12,0,0
BRDA:85,12,1,0
BRDA:85,12,2,0
BRDA:119,13,0,0
BRDA:119,13,1,0
BRDA:120,14,0,0
BRDA:120,14,1,0
BRDA:143,15,0,0
BRDA:143,15,1,0
BRDA:167,16,0,0
BRDA:167,16,1,0
BRDA:176,17,0,0
BRDA:176,17,1,0
BRDA:177,18,0,0
BRDA:177,18,1,0
BRDA:187,19,0,0
BRDA:187,19,1,0
BRDA:188,20,0,0
BRDA:188,20,1,0
BRDA:211,21,0,0
BRDA:211,21,1,0
BRDA:219,22,0,0
BRDA:219,22,1,0
BRDA:242,23,0,0
BRDA:242,23,1,0
BRDA:251,24,0,0
BRDA:251,24,1,0
BRDA:252,25,0,0
BRDA:252,25,1,0
BRDA:273,26,0,0
BRDA:273,26,1,0
BRDA:296,27,0,0
BRDA:296,27,1,0
BRDA:305,28,0,0
BRDA:305,28,1,0
BRDA:306,29,0,0
BRDA:306,29,1,0
BRF:55
BRH:0
end_of_record
TN:
SF:src\controllers\evaluationsController.js
FN:18,(anonymous_0)
FN:113,(anonymous_1)
FN:216,(anonymous_2)
FN:300,(anonymous_3)
FN:371,(anonymous_4)
FNF:5
FNH:0
FNDA:0,(anonymous_0)
FNDA:0,(anonymous_1)
FNDA:0,(anonymous_2)
FNDA:0,(anonymous_3)
FNDA:0,(anonymous_4)
DA:1,0
DA:2,0
DA:3,0
DA:4,0
DA:18,0
DA:19,0
DA:20,0
DA:21,0
DA:22,0
DA:23,0
DA:26,0
DA:27,0
DA:34,0
DA:35,0
DA:43,0
DA:44,0
DA:45,0
DA:46,0
DA:52,0
DA:53,0
DA:61,0
DA:64,0
DA:74,0
DA:80,0
DA:86,0
DA:88,0
DA:89,0
DA:95,0
DA:96,0
DA:102,0
DA:113,0
DA:114,0
DA:115,0
DA:116,0
DA:117,0
DA:118,0
DA:121,0
DA:122,0
DA:123,0
DA:124,0
DA:133,0
DA:134,0
DA:141,0
DA:142,0
DA:150,0
DA:151,0
DA:152,0
DA:153,0
DA:158,0
DA:159,0
DA:167,0
DA:176,0
DA:183,0
DA:189,0
DA:191,0
DA:192,0
DA:198,0
DA:199,0
DA:205,0
DA:216,0
DA:217,0
DA:218,0
DA:219,0
DA:220,0
DA:221,0
DA:224,0
DA:225,0
DA:226,0
DA:227,0
DA:235,0
DA:236,0
DA:237,0
DA:239,0
DA:240,0
DA:241,0
DA:242,0
DA:248,0
DA:252,0
DA:258,0
DA:260,0
DA:266,0
DA:273,0
DA:275,0
DA:276,0
DA:282,0
DA:283,0
DA:289,0
DA:300,0
DA:301,0
DA:302,0
DA:303,0
DA:304,0
DA:307,0
DA:308,0
DA:315,0
DA:316,0
DA:317,0
DA:318,0
DA:326,0
DA:332,0
DA:338,0
DA:344,0
DA:346,0
DA:347,0
DA:353,0
DA:354,0
DA:360,0
DA:371,0
DA:372,0
DA:373,0
DA:374,0
DA:375,0
DA:378,0
DA:379,0
DA:380,0
DA:381,0
DA:389,0
DA:391,0
DA:396,0
DA:402,0
DA:404,0
DA:405,0
DA:411,0
DA:412,0
DA:418,0
LF:125
LH:0
BRDA:34,0,0,0
BRDA:34,0,1,0
BRDA:43,1,0,0
BRDA:43,1,1,0
BRDA:45,2,0,0
BRDA:45,2,1,0
BRDA:52,3,0,0
BRDA:52,3,1,0
BRDA:52,4,0,0
BRDA:52,4,1,0
BRDA:52,4,2,0
BRDA:61,5,0,0
BRDA:61,5,1,0
BRDA:88,6,0,0
BRDA:88,6,1,0
BRDA:95,7,0,0
BRDA:95,7,1,0
BRDA:121,8,0,0
BRDA:121,8,1,0
BRDA:123,9,0,0
BRDA:123,9,1,0
BRDA:133,10,0,0
BRDA:133,10,1,0
BRDA:133,11,0,0
BRDA:133,11,1,0
BRDA:141,12,0,0
BRDA:141,12,1,0
BRDA:141,13,0,0
BRDA:141,13,1,0
BRDA:150,14,0,0
BRDA:150,14,1,0
BRDA:152,15,0,0
BRDA:152,15,1,0
BRDA:158,16,0,0
BRDA:158,16,1,0
BRDA:191,17,0,0
BRDA:191,17,1,0
BRDA:198,18,0,0
BRDA:198,18,1,0
BRDA:224,19,0,0
BRDA:224,19,1,0
BRDA:226,20,0,0
BRDA:226,20,1,0
BRDA:236,21,0,0
BRDA:236,21,1,0
BRDA:239,22,0,0
BRDA:239,22,1,0
BRDA:241,23,0,0
BRDA:241,23,1,0
BRDA:275,24,0,0
BRDA:275,24,1,0
BRDA:282,25,0,0
BRDA:282,25,1,0
BRDA:307,26,0,0
BRDA:307,26,1,0
BRDA:315,27,0,0
BRDA:315,27,1,0
BRDA:317,28,0,0
BRDA:317,28,1,0
BRDA:317,29,0,0
BRDA:317,29,1,0
BRDA:346,30,0,0
BRDA:346,30,1,0
BRDA:353,31,0,0
BRDA:353,31,1,0
BRDA:378,32,0,0
BRDA:378,32,1,0
BRDA:380,33,0,0
BRDA:380,33,1,0
BRDA:404,34,0,0
BRDA:404,34,1,0
BRDA:411,35,0,0
BRDA:411,35,1,0
BRF:73
BRH:0
end_of_record
TN:
SF:src\controllers\kindergartenController.js
FN:13,(anonymous_0)
FN:46,(anonymous_1)
FN:92,(anonymous_2)
FN:133,(anonymous_3)
FNF:4
FNH:0
FNDA:0,(anonymous_0)
FNDA:0,(anonymous_1)
FNDA:0,(anonymous_2)
FNDA:0,(anonymous_3)
DA:1,0
DA:2,0
DA:13,0
DA:14,0
DA:15,0
DA:17,0
DA:19,0
DA:23,0
DA:29,0
DA:31,0
DA:32,0
DA:38,0
DA:46,0
DA:47,0
DA:48,0
DA:49,0
DA:50,0
DA:51,0
DA:54,0
DA:55,0
DA:61,0
DA:67,0
DA:69,0
DA:75,0
DA:77,0
DA:78,0
DA:84,0
DA:92,0
DA:93,0
DA:94,0
DA:95,0
DA:97,0
DA:98,0
DA:99,0
DA:100,0
DA:101,0
DA:103,0
DA:108,0
DA:113,0
DA:124,0
DA:125,0
DA:133,0
DA:134,0
DA:135,0
DA:136,0
DA:139,0
DA:140,0
DA:146,0
DA:150,0
DA:154,0
DA:160,0
DA:162,0
DA:163,0
DA:169,0
LF:54
LH:0
BRDA:31,0,0,0
BRDA:31,0,1,0
BRDA:54,1,0,0
BRDA:54,1,1,0
BRDA:54,2,0,0
BRDA:54,2,1,0
BRDA:77,3,0,0
BRDA:77,3,1,0
BRDA:98,4,0,0
BRDA:98,4,1,0
BRDA:99,5,0,0
BRDA:99,5,1,0
BRDA:100,6,0,0
BRDA:100,6,1,0
BRDA:101,7,0,0
BRDA:101,7,1,0
BRDA:139,8,0,0
BRDA:139,8,1,0
BRDA:139,9,0,0
BRDA:139,9,1,0
BRDA:162,10,0,0
BRDA:162,10,1,0
BRF:22
BRH:0
end_of_record
TN:
SF:src\controllers\plansController.js
FN:14,(anonymous_0)
FN:70,(anonymous_1)
FN:152,(anonymous_2)
FN:207,(anonymous_3)
FN:282,(anonymous_4)
FN:354,(anonymous_5)
FN:414,(anonymous_6)
FN:461,(anonymous_7)
FN:469,(anonymous_8)
FN:476,(anonymous_9)
FNF:10
FNH:0
FNDA:0,(anonymous_0)
FNDA:0,(anonymous_1)
FNDA:0,(anonymous_2)
FNDA:0,(anonymous_3)
FNDA:0,(anonymous_4)
FNDA:0,(anonymous_5)
FNDA:0,(anonymous_6)
FNDA:0,(anonymous_7)
FNDA:0,(anonymous_8)
FNDA:0,(anonymous_9)
DA:1,0
DA:2,0
DA:3,0
DA:14,0
DA:15,0
DA:23,0
DA:26,0
DA:27,0
DA:30,0
DA:32,0
DA:34,0
DA:35,0
DA:37,0
DA:40,0
DA:45,0
DA:47,0
DA:61,0
DA:62,0
DA:70,0
DA:71,0
DA:72,0
DA:75,0
DA:77,0
DA:78,0
DA:86,0
DA:88,0
DA:89,0
DA:95,0
DA:97,0
DA:98,0
DA:106,0
DA:108,0
DA:110,0
DA:117,0
DA:120,0
DA:121,0
DA:128,0
DA:129,0
DA:136,0
DA:137,0
DA:144,0
DA:152,0
DA:153,0
DA:154,0
DA:156,0
DA:158,0
DA:159,0
DA:167,0
DA:169,0
DA:170,0
DA:176,0
DA:178,0
DA:179,0
DA:187,0
DA:189,0
DA:191,0
DA:198,0
DA:199,0
DA:207,0
DA:208,0
DA:209,0
DA:210,0
DA:213,0
DA:215,0
DA:216,0
DA:224,0
DA:226,0
DA:227,0
DA:233,0
DA:235,0
DA:236,0
DA:244,0
DA:246,0
DA:248,0
DA:255,0
DA:258,0
DA:259,0
DA:266,0
DA:267,0
DA:274,0
DA:282,0
DA:283,0
DA:284,0
DA:287,0
DA:289,0
DA:290,0
DA:298,0
DA:299,0
DA:306,0
DA:308,0
DA:309,0
DA:315,0
DA:317,0
DA:318,0
DA:326,0
DA:328,0
DA:330,0
DA:336,0
DA:338,0
DA:339,0
DA:346,0
DA:354,0
DA:355,0
DA:356,0
DA:359,0
DA:361,0
DA:362,0
DA:370,0
DA:371,0
DA:372,0
DA:378,0
DA:379,0
DA:380,0
DA:389,0
DA:393,0
DA:395,0
DA:405,0
DA:406,0
DA:414,0
DA:415,0
DA:416,0
DA:419,0
DA:421,0
DA:422,0
DA:430,0
DA:431,0
DA:432,0
DA:438,0
DA:439,0
DA:440,0
DA:449,0
DA:451,0
DA:461,0
DA:462,0
DA:469,0
DA:470,0
DA:471,0
DA:472,0
DA:476,0
DA:477,0
DA:486,0
DA:493,0
DA:494,0
LF:143
LH:0
BRDA:17,0,0,0
BRDA:18,1,0,0
BRDA:19,2,0,0
BRDA:20,3,0,0
BRDA:21,4,0,0
BRDA:22,5,0,0
BRDA:26,6,0,0
BRDA:26,6,1,0
BRDA:27,7,0,0
BRDA:27,7,1,0
BRDA:32,8,0,0
BRDA:32,8,1,0
BRDA:35,9,0,0
BRDA:35,9,1,0
BRDA:77,10,0,0
BRDA:77,10,1,0
BRDA:86,11,0,0
BRDA:86,11,1,0
BRDA:88,12,0,0
BRDA:88,12,1,0
BRDA:95,13,0,0
BRDA:95,13,1,0
BRDA:97,14,0,0
BRDA:97,14,1,0
BRDA:120,15,0,0
BRDA:120,15,1,0
BRDA:128,16,0,0
BRDA:128,16,1,0
BRDA:136,17,0,0
BRDA:136,17,1,0
BRDA:158,18,0,0
BRDA:158,18,1,0
BRDA:167,19,0,0
BRDA:167,19,1,0
BRDA:169,20,0,0
BRDA:169,20,1,0
BRDA:176,21,0,0
BRDA:176,21,1,0
BRDA:178,22,0,0
BRDA:178,22,1,0
BRDA:215,23,0,0
BRDA:215,23,1,0
BRDA:224,24,0,0
BRDA:224,24,1,0
BRDA:226,25,0,0
BRDA:226,25,1,0
BRDA:233,26,0,0
BRDA:233,26,1,0
BRDA:235,27,0,0
BRDA:235,27,1,0
BRDA:258,28,0,0
BRDA:258,28,1,0
BRDA:266,29,0,0
BRDA:266,29,1,0
BRDA:289,30,0,0
BRDA:289,30,1,0
BRDA:298,31,0,0
BRDA:298,31,1,0
BRDA:306,32,0,0
BRDA:306,32,1,0
BRDA:308,33,0,0
BRDA:308,33,1,0
BRDA:315,34,0,0
BRDA:315,34,1,0
BRDA:317,35,0,0
BRDA:317,35,1,0
BRDA:317,36,0,0
BRDA:317,36,1,0
BRDA:338,37,0,0
BRDA:338,37,1,0
BRDA:361,38,0,0
BRDA:361,38,1,0
BRDA:370,39,0,0
BRDA:370,39,1,0
BRDA:371,40,0,0
BRDA:371,40,1,0
BRDA:378,41,0,0
BRDA:378,41,1,0
BRDA:379,42,0,0
BRDA:379,42,1,0
BRDA:421,43,0,0
BRDA:421,43,1,0
BRDA:430,44,0,0
BRDA:430,44,1,0
BRDA:431,45,0,0
BRDA:431,45,1,0
BRDA:438,46,0,0
BRDA:438,46,1,0
BRDA:439,47,0,0
BRDA:439,47,1,0
BRDA:470,48,0,0
BRDA:470,48,1,0
BRDA:471,49,0,0
BRDA:471,49,1,0
BRDA:479,50,0,0
BRDA:479,50,1,0
BRF:96
BRH:0
end_of_record
TN:
SF:src\controllers\skillsController.js
FN:13,(anonymous_0)
FN:59,(anonymous_1)
FN:90,(anonymous_2)
FN:154,(anonymous_3)
FN:196,(anonymous_4)
FN:234,(anonymous_5)
FNF:6
FNH:0
FNDA:0,(anonymous_0)
FNDA:0,(anonymous_1)
FNDA:0,(anonymous_2)
FNDA:0,(anonymous_3)
FNDA:0,(anonymous_4)
FNDA:0,(anonymous_5)
DA:1,0
DA:2,0
DA:13,0
DA:14,0
DA:15,0
DA:17,0
DA:18,0
DA:19,0
DA:21,0
DA:22,0
DA:24,0
DA:25,0
DA:27,0
DA:28,0
DA:31,0
DA:33,0
DA:38,0
DA:50,0
DA:51,0
DA:59,0
DA:60,0
DA:61,0
DA:63,0
DA:65,0
DA:67,0
DA:73,0
DA:75,0
DA:76,0
DA:82,0
DA:90,0
DA:91,0
DA:99,0
DA:100,0
DA:101,0
DA:104,0
DA:105,0
DA:112,0
DA:113,0
DA:119,0
DA:129,0
DA:131,0
DA:137,0
DA:139,0
DA:140,0
DA:142,0
DA:143,0
DA:146,0
DA:154,0
DA:155,0
DA:156,0
DA:157,0
DA:158,0
DA:159,0
DA:162,0
DA:163,0
DA:169,0
DA:171,0
DA:173,0
DA:179,0
DA:181,0
DA:182,0
DA:184,0
DA:185,0
DA:188,0
DA:196,0
DA:197,0
DA:198,0
DA:199,0
DA:200,0
DA:203,0
DA:204,0
DA:210,0
DA:212,0
DA:214,0
DA:220,0
DA:222,0
DA:223,0
DA:226,0
DA:234,0
DA:235,0
DA:236,0
DA:238,0
DA:243,0
DA:249,0
DA:250,0
LF:85
LH:0
BRDA:18,0,0,0
BRDA:18,0,1,0
BRDA:21,1,0,0
BRDA:21,1,1,0
BRDA:24,2,0,0
BRDA:24,2,1,0
BRDA:27,3,0,0
BRDA:27,3,1,0
BRDA:46,4,0,0
BRDA:46,4,1,0
BRDA:75,5,0,0
BRDA:75,5,1,0
BRDA:104,6,0,0
BRDA:104,6,1,0
BRDA:104,7,0,0
BRDA:104,7,1,0
BRDA:112,8,0,0
BRDA:112,8,1,0
BRDA:112,9,0,0
BRDA:112,9,1,0
BRDA:139,10,0,0
BRDA:139,10,1,0
BRDA:142,11,0,0
BRDA:142,11,1,0
BRDA:162,12,0,0
BRDA:162,12,1,0
BRDA:162,13,0,0
BRDA:162,13,1,0
BRDA:181,14,0,0
BRDA:181,14,1,0
BRDA:184,15,0,0
BRDA:184,15,1,0
BRDA:203,16,0,0
BRDA:203,16,1,0
BRDA:203,17,0,0
BRDA:203,17,1,0
BRDA:222,18,0,0
BRDA:222,18,1,0
BRF:38
BRH:0
end_of_record
TN:
SF:src\controllers\templatesController.js
FN:13,(anonymous_0)
FN:54,(anonymous_1)
FN:96,(anonymous_2)
FN:160,(anonymous_3)
FN:211,(anonymous_4)
FNF:5
FNH:0
FNDA:0,(anonymous_0)
FNDA:0,(anonymous_1)
FNDA:0,(anonymous_2)
FNDA:0,(anonymous_3)
FNDA:0,(anonymous_4)
DA:1,0
DA:2,0
DA:13,0
DA:14,0
DA:15,0
DA:16,0
DA:18,0
DA:19,0
DA:20,0
DA:21,0
DA:23,0
DA:24,0
DA:26,0
DA:28,0
DA:34,0
DA:45,0
DA:46,0
DA:54,0
DA:55,0
DA:56,0
DA:57,0
DA:59,0
DA:64,0
DA:66,0
DA:72,0
DA:74,0
DA:75,0
DA:81,0
DA:82,0
DA:88,0
DA:96,0
DA:97,0
DA:105,0
DA:106,0
DA:107,0
DA:108,0
DA:111,0
DA:112,0
DA:119,0
DA:120,0
DA:127,0
DA:138,0
DA:140,0
DA:146,0
DA:148,0
DA:149,0
DA:152,0
DA:160,0
DA:161,0
DA:162,0
DA:163,0
DA:164,0
DA:165,0
DA:166,0
DA:169,0
DA:170,0
DA:176,0
DA:178,0
DA:186,0
DA:188,0
DA:194,0
DA:196,0
DA:197,0
DA:199,0
DA:200,0
DA:203,0
DA:211,0
DA:212,0
DA:213,0
DA:214,0
DA:215,0
DA:216,0
DA:219,0
DA:220,0
DA:226,0
DA:232,0
DA:234,0
DA:240,0
DA:242,0
DA:243,0
DA:246,0
LF:81
LH:0
BRDA:19,0,0,0
BRDA:19,0,1,0
BRDA:20,1,0,0
BRDA:20,1,1,0
BRDA:21,2,0,0
BRDA:21,2,1,0
BRDA:23,3,0,0
BRDA:23,3,1,0
BRDA:24,4,0,0
BRDA:24,4,1,0
BRDA:74,5,0,0
BRDA:74,5,1,0
BRDA:81,6,0,0
BRDA:81,6,1,0
BRDA:111,7,0,0
BRDA:111,7,1,0
BRDA:111,8,0,0
BRDA:111,8,1,0
BRDA:119,9,0,0
BRDA:119,9,1,0
BRDA:132,10,0,0
BRDA:132,10,1,0
BRDA:148,11,0,0
BRDA:148,11,1,0
BRDA:169,12,0,0
BRDA:169,12,1,0
BRDA:169,13,0,0
BRDA:169,13,1,0
BRDA:196,14,0,0
BRDA:196,14,1,0
BRDA:199,15,0,0
BRDA:199,15,1,0
BRDA:219,16,0,0
BRDA:219,16,1,0
BRDA:219,17,0,0
BRDA:219,17,1,0
BRDA:242,18,0,0
BRDA:242,18,1,0
BRF:38
BRH:0
end_of_record
TN:
SF:src\controllers\userController.js
FN:13,(anonymous_0)
FN:51,(anonymous_1)
FN:92,(anonymous_2)
FN:136,(anonymous_3)
FN:193,(anonymous_4)
FN:234,(anonymous_5)
FN:267,(anonymous_6)
FNF:7
FNH:0
FNDA:0,(anonymous_0)
FNDA:0,(anonymous_1)
FNDA:0,(anonymous_2)
FNDA:0,(anonymous_3)
FNDA:0,(anonymous_4)
FNDA:0,(anonymous_5)
FNDA:0,(anonymous_6)
DA:1,0
DA:2,0
DA:13,0
DA:14,0
DA:15,0
DA:18,0
DA:19,0
DA:21,0
DA:26,0
DA:28,0
DA:42,0
DA:43,0
DA:51,0
DA:52,0
DA:53,0
DA:56,0
DA:57,0
DA:64,0
DA:66,0
DA:67,0
DA:74,0
DA:76,0
DA:83,0
DA:84,0
DA:92,0
DA:93,0
DA:94,0
DA:97,0
DA:98,0
DA:99,0
DA:106,0
DA:108,0
DA:110,0
DA:117,0
DA:120,0
DA:121,0
DA:128,0
DA:136,0
DA:137,0
DA:138,0
DA:139,0
DA:140,0
DA:143,0
DA:144,0
DA:151,0
DA:157,0
DA:159,0
DA:166,0
DA:169,0
DA:170,0
DA:177,0
DA:178,0
DA:185,0
DA:193,0
DA:194,0
DA:195,0
DA:198,0
DA:199,0
DA:206,0
DA:208,0
DA:210,0
DA:216,0
DA:218,0
DA:219,0
DA:226,0
DA:234,0
DA:235,0
DA:236,0
DA:238,0
DA:240,0
DA:242,0
DA:249,0
DA:251,0
DA:252,0
DA:259,0
DA:267,0
DA:268,0
DA:269,0
DA:271,0
DA:273,0
DA:275,0
DA:282,0
DA:284,0
DA:285,0
DA:292,0
LF:85
LH:0
BRDA:15,0,0,0
BRDA:15,1,0,0
BRDA:15,2,0,0
BRDA:15,3,0,0
BRDA:18,4,0,0
BRDA:18,4,1,0
BRDA:19,5,0,0
BRDA:19,5,1,0
BRDA:56,6,0,0
BRDA:56,6,1,0
BRDA:56,7,0,0
BRDA:56,7,1,0
BRDA:66,8,0,0
BRDA:66,8,1,0
BRDA:98,9,0,0
BRDA:98,9,1,0
BRDA:120,10,0,0
BRDA:120,10,1,0
BRDA:143,11,0,0
BRDA:143,11,1,0
BRDA:143,12,0,0
BRDA:143,12,1,0
BRDA:169,13,0,0
BRDA:169,13,1,0
BRDA:177,14,0,0
BRDA:177,14,1,0
BRDA:198,15,0,0
BRDA:198,15,1,0
BRDA:218,16,0,0
BRDA:218,16,1,0
BRDA:251,17,0,0
BRDA:251,17,1,0
BRDA:284,18,0,0
BRDA:284,18,1,0
BRF:34
BRH:0
end_of_record
TN:
SF:src\middleware\auth.js
FNF:0
FNH:0
DA:6,0
DA:7,0
DA:9,0
LF:3
LH:0
BRF:0
BRH:0
end_of_record
TN:
SF:src\middleware\authenticate.js
FN:8,(anonymous_0)
FNF:1
FNH:0
FNDA:0,(anonymous_0)
DA:1,0
DA:2,0
DA:8,0
DA:9,0
DA:10,0
DA:12,0
DA:13,0
DA:20,0
DA:21,0
DA:22,0
DA:30,0
DA:31,0
DA:35,0
DA:36,0
DA:37,0
DA:39,0
DA:40,0
DA:46,0
DA:53,0
DA:54,0
DA:62,0
LF:21
LH:0
BRDA:12,0,0,0
BRDA:12,0,1,0
BRDA:21,1,0,0
BRDA:21,1,1,0
BRDA:39,2,0,0
BRDA:39,2,1,0
BRF:6
BRH:0
end_of_record
TN:
SF:src\middleware\authorize.js
FN:8,(anonymous_0)
FN:9,(anonymous_1)
FNF:2
FNH:0
FNDA:0,(anonymous_0)
FNDA:0,(anonymous_1)
DA:1,0
DA:8,0
DA:9,0
DA:10,0
DA:12,0
DA:13,0
DA:21,0
DA:22,0
DA:26,0
DA:27,0
DA:30,0
DA:39,0
DA:41,0
DA:42,0
DA:51,0
LF:15
LH:0
BRDA:8,0,0,0
BRDA:12,1,0,0
BRDA:12,1,1,0
BRDA:21,2,0,0
BRDA:21,2,1,0
BRDA:26,3,0,0
BRDA:26,3,1,0
BRF:7
BRH:0
end_of_record
TN:
SF:src\middleware\errorHandler.js
FN:7,(anonymous_0)
FN:27,(anonymous_1)
FNF:2
FNH:0
FNDA:0,(anonymous_0)
FNDA:0,(anonymous_1)
DA:1,0
DA:7,0
DA:9,0
DA:18,0
DA:19,0
DA:20,0
DA:23,0
DA:24,0
DA:25,0
DA:26,0
DA:27,0
DA:29,0
DA:30,0
DA:31,0
DA:32,0
DA:33,0
DA:34,0
DA:35,0
DA:36,0
DA:37,0
DA:38,0
DA:39,0
DA:40,0
DA:41,0
DA:42,0
DA:43,0
DA:44,0
DA:48,0
DA:49,0
DA:53,0
DA:64,0
LF:31
LH:0
BRDA:18,0,0,0
BRDA:18,0,1,0
BRDA:19,1,0,0
BRDA:19,1,1,0
BRDA:20,2,0,0
BRDA:20,2,1,0
BRDA:23,3,0,0
BRDA:23,3,1,0
BRDA:26,4,0,0
BRDA:26,4,1,0
BRDA:29,5,0,0
BRDA:29,5,1,0
BRDA:33,6,0,0
BRDA:33,6,1,0
BRDA:37,7,0,0
BRDA:37,7,1,0
BRDA:41,8,0,0
BRDA:41,8,1,0
BRDA:48,9,0,0
BRDA:48,9,1,0
BRDA:49,10,0,0
BRDA:49,10,1,0
BRDA:56,11,0,0
BRDA:56,11,1,0
BRF:24
BRH:0
end_of_record
TN:
SF:src\middleware\rateLimiter.js
FN:15,(anonymous_0)
FN:19,(anonymous_1)
FN:23,(anonymous_2)
FN:32,(anonymous_3)
FN:48,(anonymous_4)
FNF:5
FNH:0
FNDA:0,(anonymous_0)
FNDA:0,(anonymous_1)
FNDA:0,(anonymous_2)
FNDA:0,(anonymous_3)
FNDA:0,(anonymous_4)
DA:1,0
DA:2,0
DA:9,0
DA:15,0
DA:21,0
DA:24,0
DA:25,0
DA:33,0
DA:40,0
DA:49,0
DA:50,0
DA:58,0
LF:12
LH:0
BRDA:10,0,0,0
BRDA:10,0,1,0
BRDA:11,1,0,0
BRDA:11,1,1,0
BRF:4
BRH:0
end_of_record
TN:
SF:src\middleware\validation.js
FNF:0
FNH:0
DA:6,0
DA:8,0
DA:10,0
LF:3
LH:0
BRF:0
BRH:0
end_of_record
TN:
SF:src\middleware\validator.js
FN:5,(anonymous_0)
FN:6,(anonymous_1)
FN:17,(anonymous_2)
FNF:3
FNH:0
FNDA:0,(anonymous_0)
FNDA:0,(anonymous_1)
FNDA:0,(anonymous_2)
DA:5,0
DA:6,0
DA:8,0
DA:16,0
DA:17,0
DA:23,0
DA:32,0
DA:33,0
DA:34,0
DA:36,0
DA:40,0
LF:11
LH:0
BRDA:16,0,0,0
BRDA:16,0,1,0
BRF:2
BRH:0
end_of_record
TN:
SF:src\routes\analytics.js
FNF:0
FNH:0
DA:1,0
DA:2,0
DA:3,0
DA:4,0
DA:16,0
DA:28,0
DA:41,0
DA:53,0
DA:60,0
LF:9
LH:0
BRF:0
BRH:0
end_of_record
TN:
SF:src\routes\auth.js
FNF:0
FNH:0
DA:1,0
DA:2,0
DA:4,0
DA:5,0
DA:6,0
DA:7,0
DA:8,0
DA:32,0
DA:59,0
DA:78,0
DA:80,0
LF:11
LH:0
BRF:0
BRH:0
end_of_record
TN:
SF:src\routes\children.js
FNF:0
FNH:0
DA:1,0
DA:2,0
DA:3,0
DA:4,0
DA:5,0
DA:6,0
DA:10,0
DA:25,0
DA:33,0
DA:46,0
DA:54,0
DA:66,0
DA:78,0
DA:80,0
LF:14
LH:0
BRF:0
BRH:0
end_of_record
TN:
SF:src\routes\evaluations.js
FNF:0
FNH:0
DA:1,0
DA:2,0
DA:3,0
DA:4,0
DA:5,0
DA:6,0
DA:18,0
DA:31,0
DA:43,0
DA:55,0
DA:67,0
DA:74,0
LF:12
LH:0
BRF:0
BRH:0
end_of_record
TN:
SF:src\routes\kindergarten.js
FNF:0
FNH:0
DA:1,0
DA:2,0
DA:3,0
DA:4,0
DA:16,0
DA:27,0
DA:39,0
DA:51,0
DA:58,0
LF:9
LH:0
BRF:0
BRH:0
end_of_record
TN:
SF:src\routes\plans.js
FNF:0
FNH:0
DA:1,0
DA:2,0
DA:3,0
DA:4,0
DA:5,0
DA:6,0
DA:10,0
DA:25,0
DA:33,0
DA:44,0
DA:51,0
DA:63,0
DA:69,0
DA:75,0
DA:77,0
LF:15
LH:0
BRF:0
BRH:0
end_of_record
TN:
SF:src\routes\skills.js
FNF:0
FNH:0
DA:1,0
DA:2,0
DA:3,0
DA:4,0
DA:16,0
DA:27,0
DA:38,0
DA:49,0
DA:61,0
DA:73,0
DA:80,0
LF:11
LH:0
BRF:0
BRH:0
end_of_record
TN:
SF:src\routes\templates.js
FNF:0
FNH:0
DA:1,0
DA:2,0
DA:3,0
DA:4,0
DA:16,0
DA:28,0
DA:40,0
DA:52,0
DA:64,0
DA:71,0
LF:10
LH:0
BRF:0
BRH:0
end_of_record
TN:
SF:src\routes\users.js
FNF:0
FNH:0
DA:1,0
DA:2,0
DA:3,0
DA:4,0
DA:5,0
DA:6,0
DA:7,0
DA:20,0
DA:33,0
DA:46,0
DA:58,0
DA:70,0
DA:82,0
DA:94,0
DA:101,0
LF:15
LH:0
BRF:0
BRH:0
end_of_record
TN:
SF:src\services\analyticsService.js
FN:15,(anonymous_0)
FN:131,(anonymous_1)
FN:138,(anonymous_2)
FN:146,(anonymous_3)
FN:164,(anonymous_4)
FN:280,(anonymous_5)
FN:288,(anonymous_6)
FN:297,(anonymous_7)
FN:320,(anonymous_8)
FN:437,(anonymous_9)
FN:443,(anonymous_10)
FN:451,(anonymous_11)
FNF:12
FNH:0
FNDA:0,(anonymous_0)
FNDA:0,(anonymous_1)
FNDA:0,(anonymous_2)
FNDA:0,(anonymous_3)
FNDA:0,(anonymous_4)
FNDA:0,(anonymous_5)
FNDA:0,(anonymous_6)
FNDA:0,(anonymous_7)
FNDA:0,(anonymous_8)
FNDA:0,(anonymous_9)
FNDA:0,(anonymous_10)
FNDA:0,(anonymous_11)
DA:1,0
DA:2,0
DA:15,0
DA:16,0
DA:17,0
DA:19,0
DA:24,0
DA:25,0
DA:28,0
DA:38,0
DA:39,0
DA:42,0
DA:54,0
DA:55,0
DA:58,0
DA:72,0
DA:75,0
DA:97,0
DA:100,0
DA:113,0
DA:115,0
DA:131,0
DA:138,0
DA:146,0
DA:154,0
DA:164,0
DA:165,0
DA:166,0
DA:168,0
DA:173,0
DA:174,0
DA:175,0
DA:176,0
DA:177,0
DA:179,0
DA:182,0
DA:198,0
DA:201,0
DA:222,0
DA:225,0
DA:243,0
DA:246,0
DA:256,0
DA:257,0
DA:260,0
DA:264,0
DA:280,0
DA:288,0
DA:297,0
DA:308,0
DA:320,0
DA:321,0
DA:322,0
DA:324,0
DA:325,0
DA:327,0
DA:328,0
DA:329,0
DA:333,0
DA:352,0
DA:355,0
DA:373,0
DA:374,0
DA:377,0
DA:395,0
DA:398,0
DA:418,0
DA:420,0
DA:422,0
DA:437,0
DA:443,0
DA:451,0
DA:463,0
LF:73
LH:0
BRDA:144,0,0,0
BRDA:144,0,1,0
BRDA:174,1,0,0
BRDA:174,1,1,0
BRDA:260,2,0,0
BRDA:260,2,1,0
BRDA:271,3,0,0
BRDA:271,3,1,0
BRDA:273,4,0,0
BRDA:273,4,1,0
BRDA:275,5,0,0
BRDA:275,5,1,0
BRDA:295,6,0,0
BRDA:295,6,1,0
BRDA:320,7,0,0
BRDA:327,8,0,0
BRDA:327,8,1,0
BRDA:420,9,0,0
BRDA:420,9,1,0
BRDA:441,10,0,0
BRDA:441,10,1,0
BRDA:449,11,0,0
BRDA:449,11,1,0
BRF:23
BRH:0
end_of_record
TN:
SF:src\services\authService.js
FN:15,(anonymous_0)
FN:40,(anonymous_1)
FN:62,(anonymous_2)
FN:78,(anonymous_3)
FN:92,(anonymous_4)
FN:108,(anonymous_5)
FNF:6
FNH:0
FNDA:0,(anonymous_0)
FNDA:0,(anonymous_1)
FNDA:0,(anonymous_2)
FNDA:0,(anonymous_3)
FNDA:0,(anonymous_4)
FNDA:0,(anonymous_5)
DA:1,0
DA:2,0
DA:3,0
DA:15,0
DA:16,0
DA:17,0
DA:22,0
DA:27,0
DA:29,0
DA:30,0
DA:40,0
DA:41,0
DA:42,0
DA:44,0
DA:45,0
DA:50,0
DA:62,0
DA:63,0
DA:64,0
DA:65,0
DA:67,0
DA:68,0
DA:78,0
DA:79,0
DA:80,0
DA:82,0
DA:83,0
DA:92,0
DA:93,0
DA:95,0
DA:96,0
DA:97,0
DA:100,0
DA:108,0
DA:109,0
DA:111,0
DA:112,0
DA:114,0
DA:115,0
DA:117,0
DA:118,0
DA:120,0
DA:121,0
DA:123,0
DA:124,0
DA:127,0
LF:46
LH:0
BRDA:18,0,0,0
BRDA:18,0,1,0
BRDA:23,1,0,0
BRDA:23,1,1,0
BRDA:44,2,0,0
BRDA:44,2,1,0
BRDA:93,3,0,0
BRDA:93,3,1,0
BRDA:96,4,0,0
BRDA:96,4,1,0
BRDA:96,5,0,0
BRDA:96,5,1,0
BRDA:111,6,0,0
BRDA:111,6,1,0
BRDA:114,7,0,0
BRDA:114,7,1,0
BRDA:117,8,0,0
BRDA:117,8,1,0
BRDA:120,9,0,0
BRDA:120,9,1,0
BRDA:123,10,0,0
BRDA:123,10,1,0
BRF:22
BRH:0
end_of_record
TN:
SF:src\services\childrenService.js
FN:14,(anonymous_0)
FN:43,(anonymous_1)
FN:128,(anonymous_2)
FN:223,(anonymous_3)
FN:369,(anonymous_4)
FN:423,(anonymous_5)
FN:443,(anonymous_6)
FNF:7
FNH:0
FNDA:0,(anonymous_0)
FNDA:0,(anonymous_1)
FNDA:0,(anonymous_2)
FNDA:0,(anonymous_3)
FNDA:0,(anonymous_4)
FNDA:0,(anonymous_5)
FNDA:0,(anonymous_6)
DA:1,0
DA:2,0
DA:14,0
DA:15,0
DA:16,0
DA:26,0
DA:27,0
DA:30,0
DA:32,0
DA:33,0
DA:43,0
DA:44,0
DA:50,0
DA:51,0
DA:54,0
DA:55,0
DA:56,0
DA:59,0
DA:60,0
DA:63,0
DA:64,0
DA:68,0
DA:69,0
DA:70,0
DA:71,0
DA:75,0
DA:76,0
DA:77,0
DA:78,0
DA:82,0
DA:83,0
DA:84,0
DA:85,0
DA:88,0
DA:91,0
DA:95,0
DA:98,0
DA:99,0
DA:101,0
DA:113,0
DA:118,0
DA:119,0
DA:128,0
DA:129,0
DA:131,0
DA:132,0
DA:143,0
DA:146,0
DA:147,0
DA:152,0
DA:153,0
DA:162,0
DA:182,0
DA:185,0
DA:186,0
DA:187,0
DA:191,0
DA:192,0
DA:197,0
DA:203,0
DA:205,0
DA:207,0
DA:209,0
DA:210,0
DA:211,0
DA:213,0
DA:223,0
DA:224,0
DA:226,0
DA:227,0
DA:230,0
DA:235,0
DA:236,0
DA:243,0
DA:250,0
DA:253,0
DA:254,0
DA:259,0
DA:260,0
DA:269,0
DA:270,0
DA:271,0
DA:273,0
DA:274,0
DA:275,0
DA:276,0
DA:279,0
DA:280,0
DA:281,0
DA:282,0
DA:285,0
DA:286,0
DA:287,0
DA:288,0
DA:291,0
DA:292,0
DA:293,0
DA:294,0
DA:298,0
DA:301,0
DA:304,0
DA:314,0
DA:315,0
DA:322,0
DA:325,0
DA:326,0
DA:330,0
DA:331,0
DA:333,0
DA:334,0
DA:338,0
DA:339,0
DA:344,0
DA:350,0
DA:352,0
DA:354,0
DA:356,0
DA:357,0
DA:358,0
DA:360,0
DA:369,0
DA:370,0
DA:372,0
DA:373,0
DA:376,0
DA:381,0
DA:382,0
DA:389,0
DA:392,0
DA:398,0
DA:404,0
DA:406,0
DA:408,0
DA:410,0
DA:411,0
DA:412,0
DA:414,0
DA:423,0
DA:424,0
DA:425,0
DA:431,0
DA:433,0
DA:434,0
DA:443,0
DA:444,0
DA:445,0
DA:451,0
DA:453,0
DA:454,0
LF:149
LH:0
BRDA:26,0,0,0
BRDA:26,0,1,0
BRDA:43,1,0,0
BRDA:43,2,0,0
BRDA:46,3,0,0
BRDA:47,4,0,0
BRDA:48,5,0,0
BRDA:49,6,0,0
BRDA:51,7,0,0
BRDA:51,8,0,0
BRDA:59,9,0,0
BRDA:59,9,1,0
BRDA:68,10,0,0
BRDA:68,10,1,0
BRDA:75,11,0,0
BRDA:75,11,1,0
BRDA:82,12,0,0
BRDA:82,12,1,0
BRDA:82,13,0,0
BRDA:82,13,1,0
BRDA:138,14,0,0
BRDA:141,15,0,0
BRDA:142,16,0,0
BRDA:146,17,0,0
BRDA:146,17,1,0
BRDA:152,18,0,0
BRDA:152,18,1,0
BRDA:186,19,0,0
BRDA:186,19,1,0
BRDA:191,20,0,0
BRDA:191,20,1,0
BRDA:235,21,0,0
BRDA:235,21,1,0
BRDA:253,22,0,0
BRDA:253,22,1,0
BRDA:259,23,0,0
BRDA:259,23,1,0
BRDA:273,24,0,0
BRDA:273,24,1,0
BRDA:279,25,0,0
BRDA:279,25,1,0
BRDA:285,26,0,0
BRDA:285,26,1,0
BRDA:291,27,0,0
BRDA:291,27,1,0
BRDA:314,28,0,0
BRDA:314,28,1,0
BRDA:325,29,0,0
BRDA:325,29,1,0
BRDA:325,30,0,0
BRDA:325,30,1,0
BRDA:330,31,0,0
BRDA:330,31,1,0
BRDA:333,32,0,0
BRDA:333,32,1,0
BRDA:338,33,0,0
BRDA:338,33,1,0
BRDA:381,34,0,0
BRDA:381,34,1,0
BRF:59
BRH:0
end_of_record
TN:
SF:src\services\evaluationsService.js
FN:20,(anonymous_0)
FN:154,(anonymous_1)
FN:265,(anonymous_2)
FN:323,(anonymous_3)
FN:350,(anonymous_4)
FN:417,(anonymous_5)
FNF:6
FNH:0
FNDA:0,(anonymous_0)
FNDA:0,(anonymous_1)
FNDA:0,(anonymous_2)
FNDA:0,(anonymous_3)
FNDA:0,(anonymous_4)
FNDA:0,(anonymous_5)
DA:1,0
DA:2,0
DA:20,0
DA:29,0
DA:30,0
DA:32,0
DA:37,0
DA:38,0
DA:39,0
DA:40,0
DA:41,0
DA:43,0
DA:46,0
DA:51,0
DA:52,0
DA:53,0
DA:54,0
DA:55,0
DA:57,0
DA:61,0
DA:67,0
DA:71,0
DA:72,0
DA:73,0
DA:74,0
DA:78,0
DA:91,0
DA:100,0
DA:103,0
DA:113,0
DA:126,0
DA:140,0
DA:154,0
DA:162,0
DA:163,0
DA:165,0
DA:170,0
DA:171,0
DA:172,0
DA:173,0
DA:174,0
DA:178,0
DA:186,0
DA:187,0
DA:188,0
DA:189,0
DA:190,0
DA:192,0
DA:195,0
DA:205,0
DA:212,0
DA:215,0
DA:226,0
DA:243,0
DA:255,0
DA:265,0
DA:266,0
DA:267,0
DA:269,0
DA:274,0
DA:275,0
DA:276,0
DA:277,0
DA:278,0
DA:282,0
DA:304,0
DA:305,0
DA:307,0
DA:308,0
DA:309,0
DA:310,0
DA:313,0
DA:314,0
DA:315,0
DA:316,0
DA:319,0
DA:321,0
DA:323,0
DA:339,0
DA:350,0
DA:351,0
DA:352,0
DA:354,0
DA:359,0
DA:360,0
DA:361,0
DA:362,0
DA:363,0
DA:367,0
DA:375,0
DA:376,0
DA:377,0
DA:378,0
DA:379,0
DA:382,0
DA:385,0
DA:389,0
DA:392,0
DA:401,0
DA:403,0
DA:408,0
DA:417,0
DA:418,0
DA:419,0
DA:421,0
DA:426,0
DA:427,0
DA:428,0
DA:429,0
DA:430,0
DA:434,0
DA:452,0
DA:453,0
DA:455,0
DA:468,0
LF:115
LH:0
BRDA:38,0,0,0
BRDA:38,0,1,0
BRDA:52,1,0,0
BRDA:52,1,1,0
BRDA:71,2,0,0
BRDA:71,2,1,0
BRDA:95,3,0,0
BRDA:95,3,1,0
BRDA:96,4,0,0
BRDA:96,4,1,0
BRDA:171,5,0,0
BRDA:171,5,1,0
BRDA:187,6,0,0
BRDA:187,6,1,0
BRDA:206,7,0,0
BRDA:206,7,1,0
BRDA:207,8,0,0
BRDA:207,8,1,0
BRDA:208,9,0,0
BRDA:208,9,1,0
BRDA:265,10,0,0
BRDA:275,11,0,0
BRDA:275,11,1,0
BRDA:307,12,0,0
BRDA:307,12,1,0
BRDA:313,13,0,0
BRDA:313,13,1,0
BRDA:360,14,0,0
BRDA:360,14,1,0
BRDA:376,15,0,0
BRDA:376,15,1,0
BRDA:427,16,0,0
BRDA:427,16,1,0
BRDA:457,17,0,0
BRDA:457,17,1,0
BRDA:458,18,0,0
BRDA:458,18,1,0
BRDA:459,19,0,0
BRDA:459,19,1,0
BRDA:460,20,0,0
BRDA:460,20,1,0
BRDA:461,21,0,0
BRDA:461,21,1,0
BRDA:463,22,0,0
BRDA:463,22,1,0
BRDA:464,23,0,0
BRDA:464,23,1,0
BRF:47
BRH:0
end_of_record
TN:
SF:src\services\kindergartenService.js
FN:14,(anonymous_0)
FN:101,(anonymous_1)
FN:123,(anonymous_2)
FN:193,(anonymous_3)
FN:239,(anonymous_4)
FN:262,(anonymous_5)
FN:306,(anonymous_6)
FNF:7
FNH:0
FNDA:0,(anonymous_0)
FNDA:0,(anonymous_1)
FNDA:0,(anonymous_2)
FNDA:0,(anonymous_3)
FNDA:0,(anonymous_4)
FNDA:0,(anonymous_5)
FNDA:0,(anonymous_6)
DA:1,0
DA:2,0
DA:14,0
DA:15,0
DA:16,0
DA:18,0
DA:36,0
DA:37,0
DA:38,0
DA:39,0
DA:40,0
DA:43,0
DA:46,0
DA:56,0
DA:57,0
DA:60,0
DA:66,0
DA:67,0
DA:69,0
DA:90,0
DA:101,0
DA:102,0
DA:103,0
DA:105,0
DA:109,0
DA:110,0
DA:111,0
DA:112,0
DA:113,0
DA:116,0
DA:119,0
DA:120,0
DA:121,0
DA:123,0
DA:124,0
DA:125,0
DA:126,0
DA:127,0
DA:129,0
DA:131,0
DA:135,0
DA:136,0
DA:139,0
DA:140,0
DA:149,0
DA:150,0
DA:153,0
DA:164,0
DA:173,0
DA:183,0
DA:193,0
DA:194,0
DA:195,0
DA:196,0
DA:198,0
DA:211,0
DA:212,0
DA:214,0
DA:215,0
DA:216,0
DA:217,0
DA:220,0
DA:221,0
DA:222,0
DA:223,0
DA:227,0
DA:228,0
DA:229,0
DA:232,0
DA:234,0
DA:236,0
DA:238,0
DA:239,0
DA:253,0
DA:262,0
DA:263,0
DA:264,0
DA:266,0
DA:269,0
DA:281,0
DA:284,0
DA:285,0
DA:286,0
DA:288,0
DA:298,0
DA:304,0
DA:306,0
DA:314,0
LF:88
LH:0
BRDA:37,0,0,0
BRDA:37,0,1,0
BRDA:110,1,0,0
BRDA:110,1,1,0
BRDA:124,2,0,0
BRDA:124,2,1,0
BRDA:126,3,0,0
BRDA:126,3,1,0
BRDA:126,4,0,0
BRDA:126,4,1,0
BRDA:127,5,0,0
BRDA:127,5,1,0
BRDA:135,6,0,0
BRDA:135,6,1,0
BRDA:193,7,0,0
BRDA:196,8,0,0
BRDA:196,9,0,0
BRDA:214,10,0,0
BRDA:214,10,1,0
BRDA:220,11,0,0
BRDA:220,11,1,0
BRF:21
BRH:0
end_of_record
TN:
SF:src\services\plansService.js
FN:14,(anonymous_0)
FN:52,(anonymous_1)
FN:64,(anonymous_2)
FN:90,(anonymous_3)
FN:91,(anonymous_4)
FN:99,(anonymous_5)
FN:128,(anonymous_6)
FN:219,(anonymous_7)
FN:243,(anonymous_8)
FN:347,(anonymous_9)
FN:435,(anonymous_10)
FN:487,(anonymous_11)
FN:514,(anonymous_12)
FNF:13
FNH:0
FNDA:0,(anonymous_0)
FNDA:0,(anonymous_1)
FNDA:0,(anonymous_2)
FNDA:0,(anonymous_3)
FNDA:0,(anonymous_4)
FNDA:0,(anonymous_5)
FNDA:0,(anonymous_6)
FNDA:0,(anonymous_7)
FNDA:0,(anonymous_8)
FNDA:0,(anonymous_9)
FNDA:0,(anonymous_10)
FNDA:0,(anonymous_11)
FNDA:0,(anonymous_12)
DA:1,0
DA:2,0
DA:14,0
DA:15,0
DA:17,0
DA:27,0
DA:28,0
DA:31,0
DA:34,0
DA:51,0
DA:52,0
DA:53,0
DA:54,0
DA:63,0
DA:64,0
DA:67,0
DA:68,0
DA:79,0
DA:83,0
DA:84,0
DA:89,0
DA:90,0
DA:91,0
DA:92,0
DA:93,0
DA:94,0
DA:99,0
DA:101,0
DA:105,0
DA:106,0
DA:115,0
DA:117,0
DA:118,0
DA:128,0
DA:129,0
DA:137,0
DA:138,0
DA:141,0
DA:142,0
DA:143,0
DA:146,0
DA:147,0
DA:148,0
DA:149,0
DA:153,0
DA:154,0
DA:155,0
DA:156,0
DA:160,0
DA:161,0
DA:162,0
DA:163,0
DA:167,0
DA:168,0
DA:169,0
DA:170,0
DA:174,0
DA:175,0
DA:176,0
DA:177,0
DA:181,0
DA:182,0
DA:183,0
DA:184,0
DA:187,0
DA:190,0
DA:196,0
DA:199,0
DA:200,0
DA:202,0
DA:219,0
DA:227,0
DA:232,0
DA:233,0
DA:243,0
DA:244,0
DA:246,0
DA:247,0
DA:249,0
DA:252,0
DA:257,0
DA:258,0
DA:266,0
DA:271,0
DA:272,0
DA:280,0
DA:286,0
DA:287,0
DA:295,0
DA:302,0
DA:305,0
DA:311,0
DA:312,0
DA:320,0
DA:326,0
DA:328,0
DA:331,0
DA:333,0
DA:334,0
DA:335,0
DA:337,0
DA:347,0
DA:348,0
DA:350,0
DA:351,0
DA:353,0
DA:356,0
DA:361,0
DA:362,0
DA:369,0
DA:372,0
DA:379,0
DA:380,0
DA:388,0
DA:389,0
DA:390,0
DA:392,0
DA:393,0
DA:394,0
DA:395,0
DA:398,0
DA:399,0
DA:401,0
DA:410,0
DA:416,0
DA:418,0
DA:420,0
DA:422,0
DA:423,0
DA:424,0
DA:426,0
DA:435,0
DA:436,0
DA:438,0
DA:439,0
DA:442,0
DA:447,0
DA:448,0
DA:456,0
DA:462,0
DA:468,0
DA:470,0
DA:472,0
DA:474,0
DA:475,0
DA:476,0
DA:478,0
DA:487,0
DA:488,0
DA:489,0
DA:498,0
DA:499,0
DA:502,0
DA:504,0
DA:505,0
DA:514,0
DA:515,0
DA:516,0
DA:524,0
DA:526,0
DA:527,0
LF:161
LH:0
BRDA:27,0,0,0
BRDA:27,0,1,0
BRDA:53,1,0,0
BRDA:53,1,1,0
BRDA:67,2,0,0
BRDA:67,2,1,0
BRDA:74,3,0,0
BRDA:74,3,1,0
BRDA:75,4,0,0
BRDA:75,4,1,0
BRDA:83,5,0,0
BRDA:83,5,1,0
BRDA:83,6,0,0
BRDA:83,6,1,0
BRDA:92,7,0,0
BRDA:92,7,1,0
BRDA:93,8,0,0
BRDA:93,8,1,0
BRDA:101,9,0,0
BRDA:101,9,1,0
BRDA:128,10,0,0
BRDA:128,11,0,0
BRDA:131,12,0,0
BRDA:132,13,0,0
BRDA:133,14,0,0
BRDA:134,15,0,0
BRDA:135,16,0,0
BRDA:136,17,0,0
BRDA:138,18,0,0
BRDA:138,19,0,0
BRDA:146,20,0,0
BRDA:146,20,1,0
BRDA:146,21,0,0
BRDA:146,21,1,0
BRDA:153,22,0,0
BRDA:153,22,1,0
BRDA:160,23,0,0
BRDA:160,23,1,0
BRDA:167,24,0,0
BRDA:167,24,1,0
BRDA:174,25,0,0
BRDA:174,25,1,0
BRDA:181,26,0,0
BRDA:181,26,1,0
BRDA:222,27,0,0
BRDA:222,27,1,0
BRDA:257,28,0,0
BRDA:257,28,1,0
BRDA:271,29,0,0
BRDA:271,29,1,0
BRDA:286,30,0,0
BRDA:286,30,1,0
BRDA:361,31,0,0
BRDA:361,31,1,0
BRDA:379,32,0,0
BRDA:379,32,1,0
BRDA:379,33,0,0
BRDA:379,33,1,0
BRDA:392,34,0,0
BRDA:392,34,1,0
BRDA:447,35,0,0
BRDA:447,35,1,0
BRDA:498,36,0,0
BRDA:498,36,1,0
BRF:64
BRH:0
end_of_record
TN:
SF:src\services\skillsService.js
FN:15,(anonymous_0)
FN:74,(anonymous_1)
FN:103,(anonymous_2)
FN:160,(anonymous_3)
FN:185,(anonymous_4)
FN:290,(anonymous_5)
FN:330,(anonymous_6)
FN:400,(anonymous_7)
FN:448,(anonymous_8)
FN:466,(anonymous_9)
FNF:10
FNH:0
FNDA:0,(anonymous_0)
FNDA:0,(anonymous_1)
FNDA:0,(anonymous_2)
FNDA:0,(anonymous_3)
FNDA:0,(anonymous_4)
FNDA:0,(anonymous_5)
FNDA:0,(anonymous_6)
FNDA:0,(anonymous_7)
FNDA:0,(anonymous_8)
FNDA:0,(anonymous_9)
DA:1,0
DA:2,0
DA:15,0
DA:16,0
DA:17,0
DA:18,0
DA:20,0
DA:42,0
DA:43,0
DA:45,0
DA:46,0
DA:47,0
DA:48,0
DA:51,0
DA:52,0
DA:53,0
DA:54,0
DA:58,0
DA:62,0
DA:63,0
DA:66,0
DA:69,0
DA:71,0
DA:73,0
DA:74,0
DA:94,0
DA:103,0
DA:104,0
DA:105,0
DA:107,0
DA:129,0
DA:130,0
DA:131,0
DA:132,0
DA:133,0
DA:136,0
DA:139,0
DA:145,0
DA:147,0
DA:160,0
DA:170,0
DA:185,0
DA:194,0
DA:195,0
DA:197,0
DA:198,0
DA:199,0
DA:200,0
DA:201,0
DA:202,0
DA:206,0
DA:210,0
DA:214,0
DA:215,0
DA:216,0
DA:217,0
DA:221,0
DA:236,0
DA:246,0
DA:249,0
DA:259,0
DA:267,0
DA:279,0
DA:290,0
DA:291,0
DA:292,0
DA:294,0
DA:298,0
DA:299,0
DA:300,0
DA:301,0
DA:302,0
DA:305,0
DA:308,0
DA:309,0
DA:313,0
DA:318,0
DA:319,0
DA:320,0
DA:321,0
DA:326,0
DA:327,0
DA:328,0
DA:330,0
DA:331,0
DA:332,0
DA:333,0
DA:334,0
DA:338,0
DA:339,0
DA:342,0
DA:343,0
DA:352,0
DA:353,0
DA:356,0
DA:367,0
DA:382,0
DA:390,0
DA:400,0
DA:401,0
DA:402,0
DA:404,0
DA:408,0
DA:409,0
DA:410,0
DA:411,0
DA:412,0
DA:416,0
DA:421,0
DA:424,0
DA:433,0
DA:435,0
DA:440,0
DA:448,0
DA:449,0
DA:450,0
DA:451,0
DA:464,0
DA:466,0
DA:476,0
LF:120
LH:0
BRDA:15,0,0,0
BRDA:18,1,0,0
BRDA:18,2,0,0
BRDA:45,3,0,0
BRDA:45,3,1,0
BRDA:51,4,0,0
BRDA:51,4,1,0
BRDA:130,5,0,0
BRDA:130,5,1,0
BRDA:199,6,0,0
BRDA:199,6,1,0
BRDA:214,7,0,0
BRDA:214,7,1,0
BRDA:239,8,0,0
BRDA:239,8,1,0
BRDA:240,9,0,0
BRDA:240,9,1,0
BRDA:241,10,0,0
BRDA:241,10,1,0
BRDA:242,11,0,0
BRDA:242,11,1,0
BRDA:299,12,0,0
BRDA:299,12,1,0
BRDA:308,13,0,0
BRDA:308,13,1,0
BRDA:308,14,0,0
BRDA:308,14,1,0
BRDA:318,15,0,0
BRDA:318,15,1,0
BRDA:331,16,0,0
BRDA:331,16,1,0
BRDA:338,17,0,0
BRDA:338,17,1,0
BRDA:409,18,0,0
BRDA:409,18,1,0
BRF:35
BRH:0
end_of_record
TN:
SF:src\services\templatesService.js
FN:15,(anonymous_0)
FN:70,(anonymous_1)
FN:99,(anonymous_2)
FN:166,(anonymous_3)
FN:194,(anonymous_4)
FN:309,(anonymous_5)
FN:358,(anonymous_6)
FN:438,(anonymous_7)
FNF:8
FNH:0
FNDA:0,(anonymous_0)
FNDA:0,(anonymous_1)
FNDA:0,(anonymous_2)
FNDA:0,(anonymous_3)
FNDA:0,(anonymous_4)
FNDA:0,(anonymous_5)
FNDA:0,(anonymous_6)
FNDA:0,(anonymous_7)
DA:1,0
DA:2,0
DA:15,0
DA:16,0
DA:17,0
DA:18,0
DA:20,0
DA:41,0
DA:42,0
DA:44,0
DA:45,0
DA:46,0
DA:47,0
DA:50,0
DA:51,0
DA:52,0
DA:53,0
DA:57,0
DA:58,0
DA:59,0
DA:62,0
DA:65,0
DA:67,0
DA:69,0
DA:70,0
DA:89,0
DA:99,0
DA:100,0
DA:101,0
DA:103,0
DA:122,0
DA:123,0
DA:124,0
DA:125,0
DA:126,0
DA:129,0
DA:132,0
DA:133,0
DA:134,0
DA:135,0
DA:139,0
DA:154,0
DA:156,0
DA:166,0
DA:178,0
DA:194,0
DA:204,0
DA:205,0
DA:207,0
DA:211,0
DA:215,0
DA:216,0
DA:217,0
DA:218,0
DA:222,0
DA:237,0
DA:247,0
DA:250,0
DA:251,0
DA:252,0
DA:257,0
DA:262,0
DA:272,0
DA:284,0
DA:296,0
DA:309,0
DA:316,0
DA:317,0
DA:319,0
DA:323,0
DA:327,0
DA:328,0
DA:329,0
DA:330,0
DA:333,0
DA:336,0
DA:337,0
DA:341,0
DA:346,0
DA:347,0
DA:348,0
DA:349,0
DA:354,0
DA:355,0
DA:356,0
DA:358,0
DA:359,0
DA:360,0
DA:361,0
DA:362,0
DA:366,0
DA:367,0
DA:368,0
DA:369,0
DA:378,0
DA:379,0
DA:383,0
DA:385,0
DA:390,0
DA:391,0
DA:395,0
DA:400,0
DA:411,0
DA:420,0
DA:427,0
DA:438,0
DA:439,0
DA:440,0
DA:442,0
DA:446,0
DA:450,0
DA:451,0
DA:452,0
DA:453,0
DA:457,0
DA:462,0
DA:465,0
DA:474,0
DA:476,0
DA:481,0
LF:120
LH:0
BRDA:15,0,0,0
BRDA:18,1,0,0
BRDA:18,2,0,0
BRDA:44,3,0,0
BRDA:44,3,1,0
BRDA:50,4,0,0
BRDA:50,4,1,0
BRDA:123,5,0,0
BRDA:123,5,1,0
BRDA:132,6,0,0
BRDA:132,6,1,0
BRDA:215,7,0,0
BRDA:215,7,1,0
BRDA:240,8,0,0
BRDA:240,8,1,0
BRDA:241,9,0,0
BRDA:241,9,1,0
BRDA:242,10,0,0
BRDA:242,10,1,0
BRDA:243,11,0,0
BRDA:243,11,1,0
BRDA:250,12,0,0
BRDA:250,12,1,0
BRDA:250,13,0,0
BRDA:250,13,1,0
BRDA:280,14,0,0
BRDA:280,14,1,0
BRDA:291,15,0,0
BRDA:291,15,1,0
BRDA:327,16,0,0
BRDA:327,16,1,0
BRDA:336,17,0,0
BRDA:336,17,1,0
BRDA:336,18,0,0
BRDA:336,18,1,0
BRDA:346,19,0,0
BRDA:346,19,1,0
BRDA:359,20,0,0
BRDA:359,20,1,0
BRDA:367,21,0,0
BRDA:367,21,1,0
BRDA:383,22,0,0
BRDA:383,22,1,0
BRDA:450,23,0,0
BRDA:450,23,1,0
BRF:45
BRH:0
end_of_record
TN:
SF:src\services\userService.js
FN:15,(anonymous_0)
FN:41,(anonymous_1)
FN:67,(anonymous_2)
FN:86,(anonymous_3)
FN:150,(anonymous_4)
FN:226,(anonymous_5)
FN:337,(anonymous_6)
FN:389,(anonymous_7)
FN:423,(anonymous_8)
FNF:9
FNH:0
FNDA:0,(anonymous_0)
FNDA:0,(anonymous_1)
FNDA:0,(anonymous_2)
FNDA:0,(anonymous_3)
FNDA:0,(anonymous_4)
FNDA:0,(anonymous_5)
FNDA:0,(anonymous_6)
FNDA:0,(anonymous_7)
FNDA:0,(anonymous_8)
DA:1,0
DA:2,0
DA:3,0
DA:15,0
DA:16,0
DA:17,0
DA:25,0
DA:26,0
DA:29,0
DA:31,0
DA:32,0
DA:41,0
DA:42,0
DA:43,0
DA:51,0
DA:52,0
DA:55,0
DA:57,0
DA:58,0
DA:67,0
DA:68,0
DA:69,0
DA:73,0
DA:75,0
DA:76,0
DA:86,0
DA:87,0
DA:88,0
DA:89,0
DA:92,0
DA:93,0
DA:94,0
DA:97,0
DA:98,0
DA:101,0
DA:102,0
DA:106,0
DA:107,0
DA:108,0
DA:109,0
DA:112,0
DA:115,0
DA:119,0
DA:122,0
DA:123,0
DA:125,0
DA:135,0
DA:140,0
DA:141,0
DA:150,0
DA:151,0
DA:153,0
DA:154,0
DA:163,0
DA:166,0
DA:171,0
DA:172,0
DA:180,0
DA:183,0
DA:199,0
DA:205,0
DA:207,0
DA:209,0
DA:211,0
DA:212,0
DA:213,0
DA:215,0
DA:226,0
DA:227,0
DA:229,0
DA:230,0
DA:232,0
DA:235,0
DA:236,0
DA:241,0
DA:242,0
DA:250,0
DA:255,0
DA:256,0
DA:265,0
DA:266,0
DA:267,0
DA:269,0
DA:270,0
DA:271,0
DA:272,0
DA:275,0
DA:276,0
DA:277,0
DA:278,0
DA:281,0
DA:282,0
DA:283,0
DA:284,0
DA:285,0
DA:289,0
DA:292,0
DA:295,0
DA:303,0
DA:304,0
DA:312,0
DA:318,0
DA:320,0
DA:322,0
DA:324,0
DA:325,0
DA:326,0
DA:328,0
DA:337,0
DA:338,0
DA:340,0
DA:341,0
DA:344,0
DA:349,0
DA:350,0
DA:358,0
DA:364,0
DA:370,0
DA:372,0
DA:374,0
DA:376,0
DA:377,0
DA:378,0
DA:380,0
DA:389,0
DA:390,0
DA:392,0
DA:393,0
DA:401,0
DA:402,0
DA:409,0
DA:411,0
DA:413,0
DA:414,0
DA:423,0
DA:424,0
DA:426,0
DA:427,0
DA:435,0
DA:436,0
DA:443,0
DA:445,0
DA:447,0
DA:448,0
LF:144
LH:0
BRDA:25,0,0,0
BRDA:25,0,1,0
BRDA:51,1,0,0
BRDA:51,1,1,0
BRDA:86,2,0,0
BRDA:86,3,0,0
BRDA:88,4,0,0
BRDA:88,5,0,0
BRDA:89,6,0,0
BRDA:89,7,0,0
BRDA:97,8,0,0
BRDA:97,8,1,0
BRDA:106,9,0,0
BRDA:106,9,1,0
BRDA:106,10,0,0
BRDA:106,10,1,0
BRDA:162,11,0,0
BRDA:171,12,0,0
BRDA:171,12,1,0
BRDA:226,13,0,0
BRDA:235,14,0,0
BRDA:235,14,1,0
BRDA:241,15,0,0
BRDA:241,15,1,0
BRDA:255,16,0,0
BRDA:255,16,1,0
BRDA:269,17,0,0
BRDA:269,17,1,0
BRDA:275,18,0,0
BRDA:275,18,1,0
BRDA:281,19,0,0
BRDA:281,19,1,0
BRDA:303,20,0,0
BRDA:303,20,1,0
BRDA:349,21,0,0
BRDA:349,21,1,0
BRDA:401,22,0,0
BRDA:401,22,1,0
BRDA:435,23,0,0
BRDA:435,23,1,0
BRF:40
BRH:0
end_of_record
TN:
SF:src\utils\logger.js
FN:22,(anonymous_0)
FN:40,(anonymous_1)
FNF:2
FNH:0
FNDA:0,(anonymous_0)
FNDA:0,(anonymous_1)
DA:1,0
DA:2,0
DA:4,0
DA:6,0
DA:23,0
DA:40,0
DA:41,0
DA:44,0
LF:8
LH:0
BRDA:4,0,0,0
BRDA:4,0,1,0
BRDA:7,1,0,0
BRDA:7,1,1,0
BRDA:11,2,0,0
BRDA:11,2,1,0
BRF:6
BRH:0
end_of_record
TN:
SF:src\utils\validators.js
FNF:0
FNH:0
DA:1,0
DA:11,0
DA:25,0
DA:31,0
DA:47,0
DA:60,0
DA:76,0
DA:85,0
DA:95,0
DA:106,0
DA:115,0
DA:127,0
DA:144,0
DA:151,0
LF:14
LH:0
BRF:0
BRH:0
end_of_record
